[Wed, 30 Mar 2011 09:13:49 GMT] [info] [<0.31.0>] Apache CouchDB has started on http://127.0.0.1:5002/

[Wed, 30 Mar 2011 09:15:17 GMT] [info] [<0.106.0>] 127.0.0.1 - - 'GET' / 200

[Wed, 30 Mar 2011 09:17:17 GMT] [info] [<0.197.0>] 127.0.0.1 - - 'PUT' /reg_node 201

[Wed, 30 Mar 2011 09:39:41 GMT] [info] [<0.317.0>] 127.0.0.1 - - 'POST' /_replicate 415

[Wed, 30 Mar 2011 09:42:34 GMT] [info] [<0.1669.0>] 127.0.0.1 - - 'POST' /_replicate 415

[Wed, 30 Mar 2011 09:42:37 GMT] [info] [<0.1844.0>] 127.0.0.1 - - 'POST' /_replicate 415

[Wed, 30 Mar 2011 09:42:38 GMT] [info] [<0.1847.0>] 127.0.0.1 - - 'POST' /_replicate 415

[Wed, 30 Mar 2011 09:42:43 GMT] [info] [<0.1849.0>] 127.0.0.1 - - 'POST' /_repicate 400

[Wed, 30 Mar 2011 09:42:49 GMT] [info] [<0.1855.0>] 127.0.0.1 - - 'POST' /_replicate 415

[Wed, 30 Mar 2011 09:43:01 GMT] [info] [<0.1863.0>] 127.0.0.1 - - 'POST' /_replicate 415

[Wed, 30 Mar 2011 09:43:53 GMT] [info] [<0.1876.0>] 127.0.0.1 - - 'POST' /_replicate 415

[Wed, 30 Mar 2011 09:46:06 GMT] [info] [<0.1929.0>] 127.0.0.1 - - 'POST' /_replicate 415

[Wed, 30 Mar 2011 09:50:52 GMT] [info] [<0.2063.0>] starting new replication "54413037a7c66b9b1f1a6b3fb741453d+continuous" at <0.2351.0>

[Wed, 30 Mar 2011 09:50:52 GMT] [info] [<0.2063.0>] 127.0.0.1 - - 'POST' /_replicate 202

[Wed, 30 Mar 2011 09:50:57 GMT] [info] [<0.2351.0>] recording a checkpoint for http://127.0.0.1:5001/global_node/ -> reg_node at source update_seq 1

[Wed, 30 Mar 2011 09:52:15 GMT] [info] [<0.2350.0>] 127.0.0.1 - - 'HEAD' /reg_node/ 200

[Wed, 30 Mar 2011 09:52:15 GMT] [info] [<0.2455.0>] 127.0.0.1 - - 'GET' /reg_node/ 200

[Wed, 30 Mar 2011 09:52:15 GMT] [info] [<0.2456.0>] 127.0.0.1 - - 'GET' /reg_node/_local%2Fb96b387b7e7bafe00d38fa2f7abe519b 404

[Wed, 30 Mar 2011 09:52:15 GMT] [info] [<0.2457.0>] 127.0.0.1 - - 'GET' /reg_node/_changes?style=all_docs&heartbeat=10000&since=0&feed=continuous 200

[Wed, 30 Mar 2011 09:52:21 GMT] [info] [<0.2458.0>] 127.0.0.1 - - 'POST' /reg_node/_ensure_full_commit?seq=1 201

[Wed, 30 Mar 2011 09:52:21 GMT] [info] [<0.2466.0>] 127.0.0.1 - - 'PUT' /reg_node/_local%2Fb96b387b7e7bafe00d38fa2f7abe519b 201

[Wed, 30 Mar 2011 10:04:55 GMT] [info] [<0.2467.0>] 127.0.0.1 - - 'GET' /reg_node/first_doc_created_at_node3?open_revs=["1-bba1f1a0720677a4d39241ba263e0508"]&revs=true&latest=true&att_encoding_info=true 200

[Wed, 30 Mar 2011 10:05:00 GMT] [info] [<0.2351.0>] recording a checkpoint for http://127.0.0.1:5001/global_node/ -> reg_node at source update_seq 2

[Wed, 30 Mar 2011 10:05:00 GMT] [info] [<0.3224.0>] 127.0.0.1 - - 'POST' /reg_node/_ensure_full_commit?seq=2 201

[Wed, 30 Mar 2011 10:05:00 GMT] [error] [<0.2351.0>] checkpoint failure: conflict (are you replicating to yourself?)

[Wed, 30 Mar 2011 10:05:00 GMT] [info] [<0.3234.0>] 127.0.0.1 - - 'PUT' /reg_node/_local%2Fb96b387b7e7bafe00d38fa2f7abe519b 201

[Wed, 30 Mar 2011 10:06:17 GMT] [info] [<0.3235.0>] 127.0.0.1 - - 'PUT' /reg_node/first_doc_created_at_node2 201

[Wed, 30 Mar 2011 10:06:17 GMT] [info] [<0.3313.0>] 127.0.0.1 - - 'GET' /reg_node/first_doc_created_at_node2?open_revs=["1-f9568181fb176123bc17916787433c1d"]&revs=true&latest=true&att_encoding_info=true 200

[Wed, 30 Mar 2011 10:06:22 GMT] [info] [<0.3314.0>] 127.0.0.1 - - 'POST' /reg_node/_ensure_full_commit?seq=3 201

[Wed, 30 Mar 2011 10:06:22 GMT] [info] [<0.3322.0>] 127.0.0.1 - - 'PUT' /reg_node/_local%2Fb96b387b7e7bafe00d38fa2f7abe519b 201

[Wed, 30 Mar 2011 10:06:55 GMT] [info] [<0.3323.0>] 127.0.0.1 - - 'PUT' /reg_node/second_doc_created_at_node2 201

[Wed, 30 Mar 2011 10:06:55 GMT] [info] [<0.3357.0>] 127.0.0.1 - - 'GET' /reg_node/second_doc_created_at_node2?open_revs=["1-3e923294d50112fdc024b43c0550e451"]&revs=true&latest=true&att_encoding_info=true 200

[Wed, 30 Mar 2011 10:07:00 GMT] [info] [<0.3358.0>] 127.0.0.1 - - 'POST' /reg_node/_ensure_full_commit?seq=4 201

[Wed, 30 Mar 2011 10:07:00 GMT] [info] [<0.3366.0>] 127.0.0.1 - - 'PUT' /reg_node/_local%2Fb96b387b7e7bafe00d38fa2f7abe519b 201

[Wed, 30 Mar 2011 10:08:20 GMT] [info] [<0.3367.0>] 127.0.0.1 - - 'GET' /reg_node/first_doc_created_at_global_node1?open_revs=["1-75d9f53d6b7598c79c1a1571cfce28d6"]&revs=true&latest=true&att_encoding_info=true 200

[Wed, 30 Mar 2011 10:08:25 GMT] [info] [<0.3451.0>] 127.0.0.1 - - 'POST' /reg_node/_ensure_full_commit?seq=5 201

[Wed, 30 Mar 2011 10:08:25 GMT] [info] [<0.3457.0>] 127.0.0.1 - - 'PUT' /reg_node/_local%2Fb96b387b7e7bafe00d38fa2f7abe519b 201

[Wed, 30 Mar 2011 10:10:15 GMT] [info] [<0.3458.0>] 127.0.0.1 - - 'GET' /reg_node/first_doc_created_at_node2?open_revs=["2-e8b6036b1575ea9342690f6eeb10125a"]&revs=true&latest=true&att_encoding_info=true 200

[Wed, 30 Mar 2011 10:10:20 GMT] [info] [<0.3570.0>] 127.0.0.1 - - 'POST' /reg_node/_ensure_full_commit?seq=6 201

[Wed, 30 Mar 2011 10:10:20 GMT] [info] [<0.3576.0>] 127.0.0.1 - - 'PUT' /reg_node/_local%2Fb96b387b7e7bafe00d38fa2f7abe519b 201

[Wed, 30 Mar 2011 10:11:05 GMT] [error] [<0.3577.0>] cookie auth secret is not set

[Wed, 30 Mar 2011 10:11:05 GMT] [info] [<0.3577.0>] 127.0.0.1 - - 'GET' /_utils 301

[Wed, 30 Mar 2011 10:11:05 GMT] [error] [<0.3577.0>] cookie auth secret is not set

[Wed, 30 Mar 2011 10:11:05 GMT] [error] [<0.3577.0>] cookie auth secret is not set

[Wed, 30 Mar 2011 10:11:05 GMT] [error] [<0.3623.0>] cookie auth secret is not set

[Wed, 30 Mar 2011 10:11:05 GMT] [error] [<0.3624.0>] cookie auth secret is not set

[Wed, 30 Mar 2011 10:11:05 GMT] [error] [<0.3625.0>] cookie auth secret is not set

[Wed, 30 Mar 2011 10:11:05 GMT] [error] [<0.3626.0>] cookie auth secret is not set

[Wed, 30 Mar 2011 10:11:05 GMT] [error] [<0.3627.0>] cookie auth secret is not set

[Wed, 30 Mar 2011 10:11:05 GMT] [error] [<0.3623.0>] cookie auth secret is not set

[Wed, 30 Mar 2011 10:11:05 GMT] [error] [<0.3577.0>] cookie auth secret is not set

[Wed, 30 Mar 2011 10:11:05 GMT] [error] [<0.3624.0>] cookie auth secret is not set

[Wed, 30 Mar 2011 10:11:05 GMT] [error] [<0.3625.0>] cookie auth secret is not set

[Wed, 30 Mar 2011 10:11:05 GMT] [error] [<0.3625.0>] cookie auth secret is not set

[Wed, 30 Mar 2011 10:11:05 GMT] [info] [<0.3625.0>] 127.0.0.1 - - 'GET' /_all_dbs 200

[Wed, 30 Mar 2011 10:11:05 GMT] [error] [<0.3623.0>] cookie auth secret is not set

[Wed, 30 Mar 2011 10:11:05 GMT] [error] [<0.3577.0>] cookie auth secret is not set

[Wed, 30 Mar 2011 10:11:05 GMT] [error] [<0.3624.0>] cookie auth secret is not set

[Wed, 30 Mar 2011 10:11:05 GMT] [error] [<0.3627.0>] cookie auth secret is not set

[Wed, 30 Mar 2011 10:11:05 GMT] [error] [<0.3624.0>] cookie auth secret is not set

[Wed, 30 Mar 2011 10:11:05 GMT] [error] [<0.3627.0>] cookie auth secret is not set

[Wed, 30 Mar 2011 10:11:05 GMT] [info] [<0.3624.0>] 127.0.0.1 - - 'GET' /_session 200

[Wed, 30 Mar 2011 10:11:05 GMT] [info] [<0.3627.0>] 127.0.0.1 - - 'GET' / 200

[Wed, 30 Mar 2011 10:11:05 GMT] [error] [<0.3577.0>] cookie auth secret is not set

[Wed, 30 Mar 2011 10:11:05 GMT] [error] [<0.3623.0>] cookie auth secret is not set

[Wed, 30 Mar 2011 10:11:05 GMT] [error] [<0.3623.0>] cookie auth secret is not set

[Wed, 30 Mar 2011 10:11:05 GMT] [info] [<0.3623.0>] 127.0.0.1 - - 'GET' /_users/ 200

[Wed, 30 Mar 2011 10:11:05 GMT] [error] [<0.3577.0>] cookie auth secret is not set

[Wed, 30 Mar 2011 10:11:05 GMT] [info] [<0.3577.0>] 127.0.0.1 - - 'GET' /reg_node/ 200

[Wed, 30 Mar 2011 10:11:05 GMT] [error] [<0.3577.0>] cookie auth secret is not set

[Wed, 30 Mar 2011 10:11:09 GMT] [error] [<0.3577.0>] cookie auth secret is not set

[Wed, 30 Mar 2011 10:11:09 GMT] [error] [<0.3577.0>] cookie auth secret is not set

[Wed, 30 Mar 2011 10:11:09 GMT] [error] [<0.3623.0>] cookie auth secret is not set

[Wed, 30 Mar 2011 10:11:09 GMT] [error] [<0.3623.0>] cookie auth secret is not set

[Wed, 30 Mar 2011 10:11:09 GMT] [error] [<0.3577.0>] cookie auth secret is not set

[Wed, 30 Mar 2011 10:11:09 GMT] [error] [<0.3627.0>] cookie auth secret is not set

[Wed, 30 Mar 2011 10:11:09 GMT] [error] [<0.3624.0>] cookie auth secret is not set

[Wed, 30 Mar 2011 10:11:09 GMT] [error] [<0.3625.0>] cookie auth secret is not set

[Wed, 30 Mar 2011 10:11:09 GMT] [error] [<0.3626.0>] cookie auth secret is not set

[Wed, 30 Mar 2011 10:11:09 GMT] [info] [<0.3627.0>] 127.0.0.1 - - 'GET' /_config/query_servers/ 200

[Wed, 30 Mar 2011 10:11:09 GMT] [info] [<0.3623.0>] 127.0.0.1 - - 'GET' /reg_node/_all_docs?startkey=%22_design%2F%22&endkey=%22_design0%22&include_docs=true 200

[Wed, 30 Mar 2011 10:11:09 GMT] [info] [<0.3577.0>] 127.0.0.1 - - 'GET' /reg_node/_all_docs?limit=11 200

[Wed, 30 Mar 2011 10:11:09 GMT] [error] [<0.3627.0>] cookie auth secret is not set

[Wed, 30 Mar 2011 10:11:09 GMT] [error] [<0.3624.0>] cookie auth secret is not set

[Wed, 30 Mar 2011 10:11:09 GMT] [error] [<0.3625.0>] cookie auth secret is not set

[Wed, 30 Mar 2011 10:11:09 GMT] [error] [<0.3623.0>] cookie auth secret is not set

[Wed, 30 Mar 2011 10:11:09 GMT] [error] [<0.3623.0>] cookie auth secret is not set

[Wed, 30 Mar 2011 10:11:09 GMT] [error] [<0.3625.0>] cookie auth secret is not set

[Wed, 30 Mar 2011 10:11:09 GMT] [info] [<0.3623.0>] 127.0.0.1 - - 'GET' /_session 200

[Wed, 30 Mar 2011 10:11:09 GMT] [info] [<0.3625.0>] 127.0.0.1 - - 'GET' / 200

[Wed, 30 Mar 2011 10:11:09 GMT] [error] [<0.3624.0>] cookie auth secret is not set

[Wed, 30 Mar 2011 10:11:09 GMT] [info] [<0.3624.0>] 127.0.0.1 - - 'GET' /_config/native_query_servers/ 200

[Wed, 30 Mar 2011 11:35:27 GMT] [info] [<0.3628.0>] 127.0.0.1 - - 'GET' /_changes 400

[Wed, 30 Mar 2011 11:35:39 GMT] [info] [<0.8691.0>] 127.0.0.1 - - 'GET' /reg_node/_changes 200

[Wed, 30 Mar 2011 11:35:48 GMT] [info] [<0.8704.0>] 127.0.0.1 - - 'GET' /reg_node/_changes 200

[Wed, 30 Mar 2011 11:35:52 GMT] [info] [<0.8715.0>] 127.0.0.1 - - 'GET' /reg_node/_changes 200

[Wed, 30 Mar 2011 11:35:53 GMT] [info] [<0.8721.0>] 127.0.0.1 - - 'GET' /reg_node/_changes 200

[Wed, 30 Mar 2011 11:35:53 GMT] [info] [<0.8723.0>] 127.0.0.1 - - 'GET' /reg_node/_changes 200

[Wed, 30 Mar 2011 11:36:32 GMT] [info] [<0.8726.0>] 127.0.0.1 - - 'GET' /reg_node/second_doc_created_at_global_node1?open_revs=["1-03c27af87437af5376000d9b95b54558"]&revs=true&latest=true&att_encoding_info=true 200

[Wed, 30 Mar 2011 11:36:35 GMT] [info] [<0.8769.0>] 127.0.0.1 - - 'GET' /reg_node/_changes 200

[Wed, 30 Mar 2011 11:36:37 GMT] [info] [<0.8773.0>] 127.0.0.1 - - 'POST' /reg_node/_ensure_full_commit?seq=7 201

[Wed, 30 Mar 2011 11:36:37 GMT] [info] [<0.8777.0>] 127.0.0.1 - - 'PUT' /reg_node/_local%2Fb96b387b7e7bafe00d38fa2f7abe519b 201

[Wed, 30 Mar 2011 11:42:36 GMT] [error] [<0.8778.0>] cookie auth secret is not set

[Wed, 30 Mar 2011 11:42:36 GMT] [error] [<0.8778.0>] cookie auth secret is not set

[Wed, 30 Mar 2011 11:42:36 GMT] [info] [<0.8778.0>] 127.0.0.1 - - 'GET' /_all_dbs 200

[Wed, 30 Mar 2011 11:42:36 GMT] [error] [<0.8778.0>] cookie auth secret is not set

[Wed, 30 Mar 2011 11:42:36 GMT] [error] [<0.9143.0>] cookie auth secret is not set

[Wed, 30 Mar 2011 11:42:36 GMT] [info] [<0.8778.0>] 127.0.0.1 - - 'GET' /_session 200

[Wed, 30 Mar 2011 11:42:36 GMT] [error] [<0.9144.0>] cookie auth secret is not set

[Wed, 30 Mar 2011 11:42:36 GMT] [error] [<0.9145.0>] cookie auth secret is not set

[Wed, 30 Mar 2011 11:42:36 GMT] [info] [<0.9143.0>] 127.0.0.1 - - 'GET' / 200

[Wed, 30 Mar 2011 11:42:36 GMT] [info] [<0.9144.0>] 127.0.0.1 - - 'GET' /_users/ 200

[Wed, 30 Mar 2011 11:42:36 GMT] [info] [<0.9145.0>] 127.0.0.1 - - 'GET' /reg_node/ 200

[Wed, 30 Mar 2011 11:43:48 GMT] [info] [<0.9146.0>] 127.0.0.1 - - 'GET' /reg_node/first_doc_created_at_node3?open_revs=["2-efd8c7452a6b51a8db234237bca39db4"]&revs=true&latest=true&att_encoding_info=true 200

[Wed, 30 Mar 2011 11:43:53 GMT] [info] [<0.9221.0>] 127.0.0.1 - - 'POST' /reg_node/_ensure_full_commit?seq=8 201

[Wed, 30 Mar 2011 11:43:53 GMT] [info] [<0.9228.0>] 127.0.0.1 - - 'PUT' /reg_node/_local%2Fb96b387b7e7bafe00d38fa2f7abe519b 201

[Wed, 30 Mar 2011 11:44:22 GMT] [info] [<0.9229.0>] 127.0.0.1 - - 'GET' /reg_node/_changes 200

[Wed, 30 Mar 2011 11:45:34 GMT] [info] [<0.9260.0>] 127.0.0.1 - - 'GET' /reg_node/_changes?style=all 200

[Wed, 30 Mar 2011 11:45:34 GMT] [error] [<0.9260.0>] Uncaught error in HTTP request: {error,{case_clause,all}}

[Wed, 30 Mar 2011 11:45:34 GMT] [info] [<0.9260.0>] Stacktrace: [{couch_db,'-changes_since/6-fun-0-',6},
             {couch_btree,stream_kv_node2,8},
             {couch_btree,fold,4},
             {couch_db,changes_since,6},
             {couch_changes,'-handle_changes/3-fun-2-',5},
             {couch_httpd_db,do_db_req,2},
             {couch_httpd,handle_request_int,5},
             {mochiweb_http,headers,5}]

[Wed, 30 Mar 2011 11:45:34 GMT] [info] [<0.9260.0>] 127.0.0.1 - - 'GET' /reg_node/_changes?style=all 500

[Wed, 30 Mar 2011 11:45:43 GMT] [info] [<0.9335.0>] 127.0.0.1 - - 'GET' /reg_node/_changes 200

[Wed, 30 Mar 2011 11:46:08 GMT] [info] [<0.9346.0>] 127.0.0.1 - - 'GET' /reg_node/_changes?limit=3 200

[Wed, 30 Mar 2011 11:46:16 GMT] [info] [<0.9374.0>] 127.0.0.1 - - 'GET' /reg_node/_changes 200

[Wed, 30 Mar 2011 11:53:56 GMT] [info] [<0.9384.0>] 127.0.0.1 - - 'GET' /reg_node/_changes?feed=continuous 200

[Wed, 30 Mar 2011 11:54:52 GMT] [info] [<0.9853.0>] 127.0.0.1 - - 'GET' /reg_node/doc1?open_revs=["2-bb411874ad194c81f3d41e8d09484439"]&revs=true&latest=true&att_encoding_info=true 200

[Wed, 30 Mar 2011 11:54:57 GMT] [info] [<0.9915.0>] 127.0.0.1 - - 'POST' /reg_node/_ensure_full_commit?seq=9 201

[Wed, 30 Mar 2011 11:54:57 GMT] [info] [<0.9921.0>] 127.0.0.1 - - 'PUT' /reg_node/_local%2Fb96b387b7e7bafe00d38fa2f7abe519b 201

[Wed, 30 Mar 2011 12:02:04 GMT] [info] [<0.9922.0>] 127.0.0.1 - - 'GET' /reg_node/_changes?feed=continuous 200

[Wed, 30 Mar 2011 12:02:33 GMT] [info] [<0.10358.0>] 127.0.0.1 - - 'GET' /reg_node/doc1?open_revs=["3-b115ae5b470bf0cd7364bd717b75045d"]&revs=true&latest=true&att_encoding_info=true 200

[Wed, 30 Mar 2011 12:02:38 GMT] [info] [<0.10392.0>] 127.0.0.1 - - 'POST' /reg_node/_ensure_full_commit?seq=10 201

[Wed, 30 Mar 2011 12:02:38 GMT] [info] [<0.10398.0>] 127.0.0.1 - - 'PUT' /reg_node/_local%2Fb96b387b7e7bafe00d38fa2f7abe519b 201

[Wed, 30 Mar 2011 12:03:00 GMT] [error] [<0.10399.0>] cookie auth secret is not set

[Wed, 30 Mar 2011 12:03:00 GMT] [info] [<0.10399.0>] 127.0.0.1 - - 'GET' /reg_node/_all_docs?startkey=%22_design%2F%22&endkey=%22_design0%22&include_docs=true 200

[Wed, 30 Mar 2011 12:03:00 GMT] [error] [<0.10399.0>] cookie auth secret is not set

[Wed, 30 Mar 2011 12:03:00 GMT] [error] [<0.10422.0>] cookie auth secret is not set

[Wed, 30 Mar 2011 12:03:00 GMT] [info] [<0.10399.0>] 127.0.0.1 - - 'GET' /reg_node/_all_docs?limit=11 200

[Wed, 30 Mar 2011 12:03:00 GMT] [info] [<0.10422.0>] 127.0.0.1 - - 'GET' /_config/query_servers/ 200

[Wed, 30 Mar 2011 12:03:00 GMT] [error] [<0.10422.0>] cookie auth secret is not set

[Wed, 30 Mar 2011 12:03:00 GMT] [error] [<0.10399.0>] cookie auth secret is not set

[Wed, 30 Mar 2011 12:03:00 GMT] [info] [<0.10422.0>] 127.0.0.1 - - 'GET' /_session 200

[Wed, 30 Mar 2011 12:03:00 GMT] [info] [<0.10399.0>] 127.0.0.1 - - 'GET' / 200

[Wed, 30 Mar 2011 12:03:00 GMT] [error] [<0.10399.0>] cookie auth secret is not set

[Wed, 30 Mar 2011 12:03:00 GMT] [info] [<0.10399.0>] 127.0.0.1 - - 'GET' /_config/native_query_servers/ 200

[Wed, 30 Mar 2011 12:03:04 GMT] [error] [<0.10399.0>] cookie auth secret is not set

[Wed, 30 Mar 2011 12:03:04 GMT] [error] [<0.10399.0>] cookie auth secret is not set

[Wed, 30 Mar 2011 12:03:04 GMT] [error] [<0.10422.0>] cookie auth secret is not set

[Wed, 30 Mar 2011 12:03:04 GMT] [error] [<0.10423.0>] cookie auth secret is not set

[Wed, 30 Mar 2011 12:03:04 GMT] [error] [<0.10423.0>] cookie auth secret is not set

[Wed, 30 Mar 2011 12:03:04 GMT] [info] [<0.10423.0>] 127.0.0.1 - - 'GET' /_uuids?count=1 200

[Wed, 30 Mar 2011 12:03:04 GMT] [error] [<0.10423.0>] cookie auth secret is not set

[Wed, 30 Mar 2011 12:03:04 GMT] [error] [<0.10422.0>] cookie auth secret is not set

[Wed, 30 Mar 2011 12:03:04 GMT] [error] [<0.10399.0>] cookie auth secret is not set

[Wed, 30 Mar 2011 12:03:04 GMT] [error] [<0.10428.0>] cookie auth secret is not set

[Wed, 30 Mar 2011 12:03:04 GMT] [error] [<0.10399.0>] cookie auth secret is not set

[Wed, 30 Mar 2011 12:03:04 GMT] [info] [<0.10399.0>] 127.0.0.1 - - 'GET' / 200

[Wed, 30 Mar 2011 12:03:04 GMT] [error] [<0.10428.0>] cookie auth secret is not set

[Wed, 30 Mar 2011 12:03:04 GMT] [info] [<0.10428.0>] 127.0.0.1 - - 'GET' /_session 200

[Wed, 30 Mar 2011 12:03:23 GMT] [error] [<0.10428.0>] cookie auth secret is not set

[Wed, 30 Mar 2011 12:03:23 GMT] [error] [<0.10399.0>] cookie auth secret is not set

[Wed, 30 Mar 2011 12:03:23 GMT] [error] [<0.10422.0>] cookie auth secret is not set

[Wed, 30 Mar 2011 12:03:23 GMT] [info] [<0.10422.0>] 127.0.0.1 - - 'GET' /_config/query_servers/ 200

[Wed, 30 Mar 2011 12:03:23 GMT] [info] [<0.10428.0>] 127.0.0.1 - - 'GET' /reg_node/_all_docs?startkey=%22_design%2F%22&endkey=%22_design0%22&include_docs=true 200

[Wed, 30 Mar 2011 12:03:23 GMT] [info] [<0.10399.0>] 127.0.0.1 - - 'GET' /reg_node/_all_docs?limit=11 304

[Wed, 30 Mar 2011 12:03:23 GMT] [error] [<0.10399.0>] cookie auth secret is not set

[Wed, 30 Mar 2011 12:03:23 GMT] [error] [<0.10428.0>] cookie auth secret is not set

[Wed, 30 Mar 2011 12:03:23 GMT] [info] [<0.10399.0>] 127.0.0.1 - - 'GET' /_session 200

[Wed, 30 Mar 2011 12:03:23 GMT] [error] [<0.10422.0>] cookie auth secret is not set

[Wed, 30 Mar 2011 12:03:23 GMT] [info] [<0.10428.0>] 127.0.0.1 - - 'GET' / 200

[Wed, 30 Mar 2011 12:03:23 GMT] [info] [<0.10422.0>] 127.0.0.1 - - 'GET' /_config/native_query_servers/ 200

[Wed, 30 Mar 2011 12:03:30 GMT] [error] [<0.10422.0>] cookie auth secret is not set

[Wed, 30 Mar 2011 12:03:30 GMT] [info] [<0.10422.0>] 127.0.0.1 - - 'GET' /_uuids?count=1 200

[Wed, 30 Mar 2011 12:03:30 GMT] [error] [<0.10422.0>] cookie auth secret is not set

[Wed, 30 Mar 2011 12:03:30 GMT] [error] [<0.10428.0>] cookie auth secret is not set

[Wed, 30 Mar 2011 12:03:30 GMT] [info] [<0.10422.0>] 127.0.0.1 - - 'GET' /_session 200

[Wed, 30 Mar 2011 12:03:30 GMT] [info] [<0.10428.0>] 127.0.0.1 - - 'GET' / 200

[Wed, 30 Mar 2011 12:03:44 GMT] [error] [<0.10428.0>] cookie auth secret is not set

[Wed, 30 Mar 2011 12:04:05 GMT] [error] [<0.10428.0>] cookie auth secret is not set

[Wed, 30 Mar 2011 12:04:05 GMT] [info] [<0.10428.0>] 127.0.0.1 - - 'PUT' /reg_node/third_doc_nod2 201

[Wed, 30 Mar 2011 12:04:05 GMT] [info] [<0.10429.0>] 127.0.0.1 - - 'GET' /reg_node/third_doc_nod2?open_revs=["1-ffddcff7a40394dcdb1b116706483b77"]&revs=true&latest=true&att_encoding_info=true 200

[Wed, 30 Mar 2011 12:04:05 GMT] [error] [<0.10428.0>] cookie auth secret is not set

[Wed, 30 Mar 2011 12:04:06 GMT] [error] [<0.10428.0>] cookie auth secret is not set

[Wed, 30 Mar 2011 12:04:06 GMT] [info] [<0.10428.0>] 127.0.0.1 - - 'GET' /reg_node/third_doc_nod2?revs_info=true 200

[Wed, 30 Mar 2011 12:04:06 GMT] [error] [<0.10428.0>] cookie auth secret is not set

[Wed, 30 Mar 2011 12:04:06 GMT] [info] [<0.10428.0>] 127.0.0.1 - - 'GET' /_session 200

[Wed, 30 Mar 2011 12:04:06 GMT] [error] [<0.10493.0>] cookie auth secret is not set

[Wed, 30 Mar 2011 12:04:06 GMT] [info] [<0.10493.0>] 127.0.0.1 - - 'GET' / 200

[Wed, 30 Mar 2011 12:04:10 GMT] [info] [<0.10496.0>] 127.0.0.1 - - 'POST' /reg_node/_ensure_full_commit?seq=11 201

[Wed, 30 Mar 2011 12:04:10 GMT] [info] [<0.10502.0>] 127.0.0.1 - - 'PUT' /reg_node/_local%2Fb96b387b7e7bafe00d38fa2f7abe519b 201

[Wed, 30 Mar 2011 12:04:28 GMT] [info] [<0.10503.0>] 127.0.0.1 - - 'GET' /reg_node/_changes?feed=continuous 200

[Wed, 30 Mar 2011 12:10:05 GMT] [info] [<0.10521.0>] 127.0.0.1 - - 'GET' /reg_node/_changes?feed=continuous 200

[Wed, 30 Mar 2011 12:10:36 GMT] [error] [<0.10868.0>] cookie auth secret is not set

[Wed, 30 Mar 2011 12:10:36 GMT] [info] [<0.10868.0>] 127.0.0.1 - - 'GET' /reg_node/_all_docs?startkey=%22_design%2F%22&endkey=%22_design0%22&include_docs=true 200

[Wed, 30 Mar 2011 12:10:36 GMT] [error] [<0.10868.0>] cookie auth secret is not set

[Wed, 30 Mar 2011 12:10:36 GMT] [info] [<0.10868.0>] 127.0.0.1 - - 'GET' /reg_node/_all_docs?limit=11 200

[Wed, 30 Mar 2011 12:10:36 GMT] [error] [<0.10901.0>] cookie auth secret is not set

[Wed, 30 Mar 2011 12:10:36 GMT] [info] [<0.10901.0>] 127.0.0.1 - - 'GET' /_config/query_servers/ 200

[Wed, 30 Mar 2011 12:10:36 GMT] [error] [<0.10901.0>] cookie auth secret is not set

[Wed, 30 Mar 2011 12:10:36 GMT] [error] [<0.10868.0>] cookie auth secret is not set

[Wed, 30 Mar 2011 12:10:36 GMT] [info] [<0.10901.0>] 127.0.0.1 - - 'GET' /_session 200

[Wed, 30 Mar 2011 12:10:36 GMT] [info] [<0.10868.0>] 127.0.0.1 - - 'GET' / 200

[Wed, 30 Mar 2011 12:10:36 GMT] [error] [<0.10868.0>] cookie auth secret is not set

[Wed, 30 Mar 2011 12:10:36 GMT] [info] [<0.10868.0>] 127.0.0.1 - - 'GET' /_config/native_query_servers/ 200

[Wed, 30 Mar 2011 12:10:43 GMT] [error] [<0.10868.0>] cookie auth secret is not set

[Wed, 30 Mar 2011 12:10:43 GMT] [info] [<0.10868.0>] 127.0.0.1 - - 'GET' /_uuids?count=1 200

[Wed, 30 Mar 2011 12:10:43 GMT] [error] [<0.10868.0>] cookie auth secret is not set

[Wed, 30 Mar 2011 12:10:43 GMT] [error] [<0.10901.0>] cookie auth secret is not set

[Wed, 30 Mar 2011 12:10:43 GMT] [info] [<0.10868.0>] 127.0.0.1 - - 'GET' /_session 200

[Wed, 30 Mar 2011 12:10:43 GMT] [info] [<0.10901.0>] 127.0.0.1 - - 'GET' / 200

[Wed, 30 Mar 2011 12:11:04 GMT] [error] [<0.10901.0>] cookie auth secret is not set

[Wed, 30 Mar 2011 12:11:04 GMT] [info] [<0.10901.0>] 127.0.0.1 - - 'PUT' /reg_node/some_doc_at_node2 201

[Wed, 30 Mar 2011 12:11:04 GMT] [error] [<0.10901.0>] cookie auth secret is not set

[Wed, 30 Mar 2011 12:11:04 GMT] [info] [<0.10902.0>] 127.0.0.1 - - 'GET' /reg_node/some_doc_at_node2?open_revs=["1-967a00dff5e02add41819138abb3284d"]&revs=true&latest=true&att_encoding_info=true 200

[Wed, 30 Mar 2011 12:11:05 GMT] [error] [<0.10901.0>] cookie auth secret is not set

[Wed, 30 Mar 2011 12:11:05 GMT] [info] [<0.10901.0>] 127.0.0.1 - - 'GET' /reg_node/some_doc_at_node2?revs_info=true 200

[Wed, 30 Mar 2011 12:11:05 GMT] [error] [<0.10901.0>] cookie auth secret is not set

[Wed, 30 Mar 2011 12:11:05 GMT] [error] [<0.10868.0>] cookie auth secret is not set

[Wed, 30 Mar 2011 12:11:05 GMT] [info] [<0.10901.0>] 127.0.0.1 - - 'GET' /_session 200

[Wed, 30 Mar 2011 12:11:05 GMT] [info] [<0.10868.0>] 127.0.0.1 - - 'GET' / 200

[Wed, 30 Mar 2011 12:11:09 GMT] [info] [<0.10933.0>] 127.0.0.1 - - 'POST' /reg_node/_ensure_full_commit?seq=12 201

[Wed, 30 Mar 2011 12:11:09 GMT] [info] [<0.10941.0>] 127.0.0.1 - - 'PUT' /reg_node/_local%2Fb96b387b7e7bafe00d38fa2f7abe519b 201

[Wed, 30 Mar 2011 12:11:25 GMT] [error] [<0.10868.0>] cookie auth secret is not set

[Wed, 30 Mar 2011 12:11:25 GMT] [info] [<0.10868.0>] 127.0.0.1 - - 'PUT' /reg_node/some_doc_at_node2 201

[Wed, 30 Mar 2011 12:11:25 GMT] [info] [<0.10942.0>] 127.0.0.1 - - 'GET' /reg_node/some_doc_at_node2?open_revs=["2-faa089f72b344b8ca4306a2f5d0a1de0"]&revs=true&latest=true&att_encoding_info=true 200

[Wed, 30 Mar 2011 12:11:25 GMT] [error] [<0.10868.0>] cookie auth secret is not set

[Wed, 30 Mar 2011 12:11:25 GMT] [info] [<0.10868.0>] 127.0.0.1 - - 'GET' /reg_node/some_doc_at_node2?revs_info=true 200

[Wed, 30 Mar 2011 12:11:26 GMT] [error] [<0.10868.0>] cookie auth secret is not set

[Wed, 30 Mar 2011 12:11:26 GMT] [info] [<0.10868.0>] 127.0.0.1 - - 'GET' /_session 200

[Wed, 30 Mar 2011 12:11:26 GMT] [error] [<0.10901.0>] cookie auth secret is not set

[Wed, 30 Mar 2011 12:11:26 GMT] [info] [<0.10901.0>] 127.0.0.1 - - 'GET' / 200

[Wed, 30 Mar 2011 12:11:30 GMT] [info] [<0.10959.0>] 127.0.0.1 - - 'POST' /reg_node/_ensure_full_commit?seq=13 201

[Wed, 30 Mar 2011 12:11:30 GMT] [info] [<0.10967.0>] 127.0.0.1 - - 'PUT' /reg_node/_local%2Fb96b387b7e7bafe00d38fa2f7abe519b 201

[Wed, 30 Mar 2011 12:59:31 GMT] [info] [<0.10968.0>] 127.0.0.1 - - 'GET' /reg_node/third_doc_nod2 200

[Wed, 30 Mar 2011 12:59:49 GMT] [info] [<0.13897.0>] 127.0.0.1 - - 'GET' /reg_node/third_doc_nod2 200

[Wed, 30 Mar 2011 13:01:23 GMT] [info] [<0.13916.0>] 127.0.0.1 - - 'GET' /reg_node/first_doc_created_at_node3 200

[Wed, 30 Mar 2011 13:05:55 GMT] [error] [<0.14013.0>] cookie auth secret is not set

[Wed, 30 Mar 2011 13:05:55 GMT] [info] [<0.14013.0>] 127.0.0.1 - - 'PUT' /reg_node/some_doc_at_node2 201

[Wed, 30 Mar 2011 13:05:55 GMT] [info] [<0.14291.0>] 127.0.0.1 - - 'GET' /reg_node/some_doc_at_node2?open_revs=["3-919877a6bfd8b915cfee8f4a7d9515e3"]&revs=true&latest=true&att_encoding_info=true 200

[Wed, 30 Mar 2011 13:05:55 GMT] [error] [<0.14013.0>] cookie auth secret is not set

[Wed, 30 Mar 2011 13:05:55 GMT] [info] [<0.14013.0>] 127.0.0.1 - - 'GET' /reg_node/some_doc_at_node2?revs_info=true 200

[Wed, 30 Mar 2011 13:05:55 GMT] [error] [<0.14292.0>] cookie auth secret is not set

[Wed, 30 Mar 2011 13:05:55 GMT] [error] [<0.14013.0>] cookie auth secret is not set

[Wed, 30 Mar 2011 13:05:55 GMT] [info] [<0.14292.0>] 127.0.0.1 - - 'GET' / 200

[Wed, 30 Mar 2011 13:05:55 GMT] [info] [<0.14013.0>] 127.0.0.1 - - 'GET' /_session 200

[Wed, 30 Mar 2011 13:06:00 GMT] [info] [<0.14295.0>] 127.0.0.1 - - 'POST' /reg_node/_ensure_full_commit?seq=14 201

[Wed, 30 Mar 2011 13:06:00 GMT] [info] [<0.14301.0>] 127.0.0.1 - - 'PUT' /reg_node/_local%2Fb96b387b7e7bafe00d38fa2f7abe519b 201

[Wed, 30 Mar 2011 13:06:41 GMT] [info] [<0.14302.0>] 127.0.0.1 - - 'GET' /reg_node/_changes?feed=continuous 200

[Wed, 30 Mar 2011 16:01:59 GMT] [error] [<0.2358.0>] changes loop timeout, no data received from http://127.0.0.1:5001/global_node/

[Wed, 30 Mar 2011 16:01:59 GMT] [error] [<0.2358.0>] ** Generic server <0.2358.0> terminating 
** Last message in was changes_timeout
** When Server state == {state,nil,nil,
                            [<0.2351.0>,
                             {http_db,"http://127.0.0.1:5001/global_node/",
                                 [],"_changes",
                                 [{"User-Agent","CouchDB/1.0.2"},
                                  {"Accept","application/json"}],
                                 [{"style",all_docs},
                                  {"heartbeat",10000},
                                  {"since",0},
                                  {"feed",continuous}],
                                 get,nil,
                                 [{stream_to,{<0.2358.0>,once}},
                                  {response_format,binary}],
                                 10,500,<0.2359.0>},
                             0,
                             [{<<"source">>,
                               <<"http://127.0.0.1:5001/global_node">>},
                              {<<"target">>,<<"reg_node">>},
                              {<<"continuous">>,true}]],
                            1,<0.2359.0>,
                            {1301,478652,848253},
                            false,0,<<>>,
                            {<0.2361.0>,#Ref<0.0.0.61727>},
                            {[],[]}}
** Reason for termination == 
** changes_timeout


[Wed, 30 Mar 2011 16:01:59 GMT] [error] [<0.2358.0>] {error_report,<0.30.0>,
    {<0.2358.0>,crash_report,
     [[{initial_call,{couch_rep_changes_feed,init,['Argument__1']}},
       {pid,<0.2358.0>},
       {registered_name,[]},
       {error_info,
           {exit,changes_timeout,
               [{gen_server,terminate,6},{proc_lib,init_p_do_apply,3}]}},
       {ancestors,
           [<0.2351.0>,couch_rep_sup,couch_primary_services,couch_server_sup,
            <0.31.0>]},
       {messages,
           [{ibrowse_async_response,{1301,478652,848253},<<"\n">>},
            {ibrowse_async_response,
                {1301,478652,848253},
                {error,closing_on_request}}]},
       {links,[<0.2351.0>]},
       {dictionary,[{timeout,{1301496747037099,#Ref<0.0.0.89273>}}]},
       {trap_exit,true},
       {status,running},
       {heap_size,987},
       {stack_size,24},
       {reductions,143261}],
      []]}}

[Wed, 30 Mar 2011 16:01:59 GMT] [error] [<0.2360.0>] ** Generic server <0.2360.0> terminating 
** Last message in was {'EXIT',<0.2361.0>,
                           {changes_timeout,
                               {gen_server,call,
                                   [<0.2358.0>,next_changes,infinity]}}}
** When Server state == {state,nil,nil,<0.2351.0>,false,0,
                               {<0.2363.0>,#Ref<0.0.0.61731>},
                               {[],[]},
                               14,14,14}
** Reason for termination == 
** {changes_timeout,{gen_server,call,[<0.2358.0>,next_changes,infinity]}}


[Wed, 30 Mar 2011 16:01:59 GMT] [error] [<0.2360.0>] {error_report,<0.30.0>,
    {<0.2360.0>,crash_report,
     [[{initial_call,{couch_rep_missing_revs,init,['Argument__1']}},
       {pid,<0.2360.0>},
       {registered_name,[]},
       {error_info,
           {exit,
               {changes_timeout,
                   {gen_server,call,[<0.2358.0>,next_changes,infinity]}},
               [{gen_server,terminate,6},{proc_lib,init_p_do_apply,3}]}},
       {ancestors,
           [<0.2351.0>,couch_rep_sup,couch_primary_services,couch_server_sup,
            <0.31.0>]},
       {messages,[]},
       {links,[<0.2351.0>]},
       {dictionary,[]},
       {trap_exit,true},
       {status,running},
       {heap_size,610},
       {stack_size,24},
       {reductions,523}],
      []]}}

[Wed, 30 Mar 2011 16:01:59 GMT] [error] [<0.2351.0>] ** Generic server <0.2351.0> terminating 
** Last message in was {'EXIT',<0.2358.0>,changes_timeout}
** When Server state == {state,<0.2358.0>,<0.2360.0>,<0.2362.0>,<0.2364.0>,
                            {http_db,"http://127.0.0.1:5001/global_node/",[],
                                [],
                                [{"User-Agent","CouchDB/1.0.2"},
                                 {"Accept","application/json"},
                                 {"Accept-Encoding","gzip"}],
                                [],get,nil,
                                [{response_format,binary},
                                 {inactivity_timeout,30000}],
                                10,500,nil},
                            {db,<0.321.0>,<0.322.0>,nil,
                                <<"1301476637190821">>,<0.319.0>,<0.323.0>,
                                {db_header,5,0,0,nil,nil,nil,0,nil,nil,1000},
                                0,
                                {btree,<0.319.0>,nil,
                                    #Fun<couch_db_updater.7.10053969>,
                                    #Fun<couch_db_updater.8.35220795>,
                                    #Fun<couch_btree.5.124754102>,
                                    #Fun<couch_db_updater.9.107593676>},
                                {btree,<0.319.0>,nil,
                                    #Fun<couch_db_updater.10.30996817>,
                                    #Fun<couch_db_updater.11.96515267>,
                                    #Fun<couch_btree.5.124754102>,
                                    #Fun<couch_db_updater.12.117826253>},
                                {btree,<0.319.0>,nil,
                                    #Fun<couch_btree.0.83553141>,
                                    #Fun<couch_btree.1.30790806>,
                                    #Fun<couch_btree.2.124754102>,nil},
                                0,<<"reg_node">>,
                                "/Users/simonunge/Programming/couchdb/couchdb2/data/reg_node.couch",
                                [],[],nil,
                                {user_ctx,null,
                                    [<<"_admin">>],
                                    <<"{couch_httpd_auth, default_authentication_handler}">>},
                                nil,1000,
                                [before_header,after_header,on_file_open],
                                false},
                            true,false,
                            ["54413037a7c66b9b1f1a6b3fb741453d",
                             {[{<<"source">>,
                                <<"http://127.0.0.1:5001/global_node">>},
                               {<<"target">>,<<"reg_node">>},
                               {<<"continuous">>,true}]},
                             {user_ctx,null,
                                 [<<"_admin">>],
                                 <<"{couch_httpd_auth, default_authentication_handler}">>}],
                            {1301479500543721,#Ref<0.0.0.12989>},
                            0,[],<<"01757f499fb4dc418e872cbda545221a">>,
                            {doc,
                                <<"_local/54413037a7c66b9b1f1a6b3fb741453d">>,
                                {0,[<<"1">>]},
                                {[]},
                                [],false,[]},
                            {doc,
                                <<"_local/54413037a7c66b9b1f1a6b3fb741453d">>,
                                {0,[<<"1">>]},
                                {[]},
                                [],false,[]},
                            "Wed, 30 Mar 2011 09:50:52 GMT",
                            <<"1301476566057548">>,<<"1301476637190821">>,
                            {[{<<"session_id">>,
                               <<"01757f499fb4dc418e872cbda545221a">>},
                              {<<"source_last_seq">>,1},
                              {<<"history">>,
                               [{[{<<"session_id">>,
                                   <<"01757f499fb4dc418e872cbda545221a">>},
                                  {<<"start_time">>,
                                   <<"Wed, 30 Mar 2011 09:50:52 GMT">>},
                                  {<<"end_time">>,
                                   <<"Wed, 30 Mar 2011 09:50:57 GMT">>},
                                  {<<"start_last_seq">>,0},
                                  {<<"end_last_seq">>,1},
                                  {<<"recorded_seq">>,1},
                                  {<<"missing_checked">>,0},
                                  {<<"missing_found">>,1},
                                  {<<"docs_read">>,1},
                                  {<<"docs_written">>,1},
                                  {<<"doc_write_failures">>,0}]}]}]},
                            [],false,14,49202,nil,nil,<0.2365.0>}
** Reason for termination == 
** changes_timeout


[Wed, 30 Mar 2011 16:01:59 GMT] [error] [<0.2351.0>] {error_report,<0.30.0>,
    {<0.2351.0>,crash_report,
     [[{initial_call,{couch_rep,init,['Argument__1']}},
       {pid,<0.2351.0>},
       {registered_name,[]},
       {error_info,
           {exit,changes_timeout,
               [{gen_server,terminate,6},{proc_lib,init_p_do_apply,3}]}},
       {ancestors,
           [couch_rep_sup,couch_primary_services,couch_server_sup,<0.31.0>]},
       {messages,
           [{'EXIT',<0.2360.0>,
                {changes_timeout,
                    {gen_server,call,[<0.2358.0>,next_changes,infinity]}}}]},
       {links,[<0.2362.0>,<0.2365.0>,<0.2364.0>,<0.81.0>]},
       {dictionary,[{task_status_update,{{1301,490355,412508},0}}]},
       {trap_exit,true},
       {status,running},
       {heap_size,987},
       {stack_size,24},
       {reductions,7935}],
      [{neighbour,
           [{pid,<0.2364.0>},
            {registered_name,[]},
            {initial_call,{erlang,apply,2}},
            {current_function,{gen,do_call,4}},
            {ancestors,[]},
            {messages,[]},
            {links,[<0.2351.0>]},
            {dictionary,[]},
            {trap_exit,false},
            {status,waiting},
            {heap_size,1597},
            {stack_size,20},
            {reductions,1313}]},
       {neighbour,
           [{pid,<0.2365.0>},
            {registered_name,[]},
            {initial_call,{couch_event_sup,init,['Argument__1']}},
            {current_function,{gen_server,loop,6}},
            {ancestors,
                [<0.2351.0>,couch_rep_sup,couch_primary_services,
                 couch_server_sup,<0.31.0>]},
            {messages,[]},
            {links,[<0.2351.0>,<0.84.0>]},
            {dictionary,[]},
            {trap_exit,false},
            {status,waiting},
            {heap_size,233},
            {stack_size,9},
            {reductions,32}]}]]}}

[Wed, 30 Mar 2011 16:01:59 GMT] [error] [<0.81.0>] {error_report,<0.30.0>,
              {<0.81.0>,supervisor_report,
               [{supervisor,{local,couch_rep_sup}},
                {errorContext,child_terminated},
                {reason,changes_timeout},
                {offender,[{pid,<0.2351.0>},
                           {name,"54413037a7c66b9b1f1a6b3fb741453d+continuous"},
                           {mfargs,{gen_server,start_link,undefined}},
                           {restart_type,temporary},
                           {shutdown,1},
                           {child_type,worker}]}]}}

[Wed, 30 Mar 2011 16:01:59 GMT] [error] [<0.2362.0>] ** Generic server <0.2362.0> terminating 
** Last message in was {'EXIT',<0.2351.0>,changes_timeout}
** When Server state == {state,<0.2351.0>,
                            {http_db,"http://127.0.0.1:5001/global_node/",[],
                                [],
                                [{"User-Agent","CouchDB/1.0.2"},
                                 {"Accept","application/json"},
                                 {"Accept-Encoding","gzip"}],
                                [],get,nil,
                                [{response_format,binary},
                                 {inactivity_timeout,30000}],
                                10,500,nil},
                            <0.2360.0>,<0.2363.0>,[],0,
                            {[],[]},
                            {<0.2364.0>,#Ref<0.0.0.61746>},
                            false,0,nil,[],
                            [14]}
** Reason for termination == 
** changes_timeout


[Wed, 30 Mar 2011 16:01:59 GMT] [error] [<0.2362.0>] {error_report,<0.30.0>,
    {<0.2362.0>,crash_report,
     [[{initial_call,{couch_rep_reader,init,['Argument__1']}},
       {pid,<0.2362.0>},
       {registered_name,[]},
       {error_info,
           {exit,changes_timeout,
               [{gen_server,terminate,6},{proc_lib,init_p_do_apply,3}]}},
       {ancestors,
           [<0.2351.0>,couch_rep_sup,couch_primary_services,couch_server_sup,
            <0.31.0>]},
       {messages,
           [{'EXIT',<0.2363.0>,
                {{changes_timeout,
                     {gen_server,call,[<0.2358.0>,next_changes,infinity]}},
                 {gen_server,call,[<0.2360.0>,next_missing_revs,infinity]}}}]},
       {links,[]},
       {dictionary,[]},
       {trap_exit,true},
       {status,running},
       {heap_size,1597},
       {stack_size,24},
       {reductions,1008}],
      []]}}

[Thu, 31 Mar 2011 08:09:35 GMT] [info] [<0.31.0>] Apache CouchDB has started on http://127.0.0.1:5002/

[Thu, 31 Mar 2011 08:12:28 GMT] [error] [<0.103.0>] cookie auth secret is not set

[Thu, 31 Mar 2011 08:12:28 GMT] [error] [<0.279.0>] cookie auth secret is not set

[Thu, 31 Mar 2011 08:12:28 GMT] [error] [<0.278.0>] cookie auth secret is not set

[Thu, 31 Mar 2011 08:12:28 GMT] [info] [<0.103.0>] 127.0.0.1 - - 'GET' /_all_dbs 200

[Thu, 31 Mar 2011 08:12:28 GMT] [info] [<0.278.0>] 127.0.0.1 - - 'GET' /_session 200

[Thu, 31 Mar 2011 08:12:28 GMT] [info] [<0.279.0>] 127.0.0.1 - - 'GET' / 200

[Thu, 31 Mar 2011 08:12:28 GMT] [error] [<0.278.0>] cookie auth secret is not set

[Thu, 31 Mar 2011 08:12:28 GMT] [error] [<0.279.0>] cookie auth secret is not set

[Thu, 31 Mar 2011 08:12:28 GMT] [info] [<0.279.0>] 127.0.0.1 - - 'GET' /_users/ 200

[Thu, 31 Mar 2011 08:12:28 GMT] [info] [<0.278.0>] 127.0.0.1 - - 'GET' /reg_node/ 200

[Thu, 31 Mar 2011 08:12:31 GMT] [error] [<0.278.0>] cookie auth secret is not set

[Thu, 31 Mar 2011 08:12:31 GMT] [error] [<0.279.0>] cookie auth secret is not set

[Thu, 31 Mar 2011 08:12:31 GMT] [error] [<0.103.0>] cookie auth secret is not set

[Thu, 31 Mar 2011 08:12:31 GMT] [info] [<0.279.0>] 127.0.0.1 - - 'GET' /_config/query_servers/ 200

[Thu, 31 Mar 2011 08:12:31 GMT] [info] [<0.103.0>] 127.0.0.1 - - 'GET' /reg_node/_all_docs?limit=11 200

[Thu, 31 Mar 2011 08:12:31 GMT] [info] [<0.278.0>] 127.0.0.1 - - 'GET' /reg_node/_all_docs?startkey=%22_design%2F%22&endkey=%22_design0%22&include_docs=true 200

[Thu, 31 Mar 2011 08:12:31 GMT] [error] [<0.279.0>] cookie auth secret is not set

[Thu, 31 Mar 2011 08:12:31 GMT] [error] [<0.103.0>] cookie auth secret is not set

[Thu, 31 Mar 2011 08:12:31 GMT] [info] [<0.279.0>] 127.0.0.1 - - 'GET' /_config/native_query_servers/ 200

[Thu, 31 Mar 2011 08:12:31 GMT] [error] [<0.278.0>] cookie auth secret is not set

[Thu, 31 Mar 2011 08:12:31 GMT] [info] [<0.103.0>] 127.0.0.1 - - 'GET' / 200

[Thu, 31 Mar 2011 08:12:31 GMT] [info] [<0.278.0>] 127.0.0.1 - - 'GET' /_session 200

[Thu, 31 Mar 2011 08:12:34 GMT] [error] [<0.278.0>] cookie auth secret is not set

[Thu, 31 Mar 2011 08:12:34 GMT] [info] [<0.278.0>] 127.0.0.1 - - 'GET' /_uuids?count=1 200

[Thu, 31 Mar 2011 08:12:34 GMT] [error] [<0.103.0>] cookie auth secret is not set

[Thu, 31 Mar 2011 08:12:34 GMT] [error] [<0.278.0>] cookie auth secret is not set

[Thu, 31 Mar 2011 08:12:34 GMT] [info] [<0.103.0>] 127.0.0.1 - - 'GET' / 200

[Thu, 31 Mar 2011 08:12:34 GMT] [info] [<0.278.0>] 127.0.0.1 - - 'GET' /_session 200

[Thu, 31 Mar 2011 08:12:42 GMT] [error] [<0.278.0>] cookie auth secret is not set

[Thu, 31 Mar 2011 08:12:42 GMT] [info] [<0.278.0>] 127.0.0.1 - - 'PUT' /reg_node/works_day_after 201

[Thu, 31 Mar 2011 08:12:42 GMT] [error] [<0.278.0>] cookie auth secret is not set

[Thu, 31 Mar 2011 08:12:42 GMT] [error] [<0.278.0>] cookie auth secret is not set

[Thu, 31 Mar 2011 08:12:42 GMT] [info] [<0.278.0>] 127.0.0.1 - - 'GET' /reg_node/works_day_after?revs_info=true 200

[Thu, 31 Mar 2011 08:12:42 GMT] [error] [<0.278.0>] cookie auth secret is not set

[Thu, 31 Mar 2011 08:12:42 GMT] [error] [<0.103.0>] cookie auth secret is not set

[Thu, 31 Mar 2011 08:12:42 GMT] [info] [<0.278.0>] 127.0.0.1 - - 'GET' /_session 200

[Thu, 31 Mar 2011 08:12:42 GMT] [info] [<0.103.0>] 127.0.0.1 - - 'GET' / 200

[Thu, 31 Mar 2011 08:12:44 GMT] [error] [<0.103.0>] cookie auth secret is not set

[Thu, 31 Mar 2011 08:12:44 GMT] [info] [<0.103.0>] 127.0.0.1 - - 'GET' /_all_dbs 200

[Thu, 31 Mar 2011 08:12:44 GMT] [error] [<0.103.0>] cookie auth secret is not set

[Thu, 31 Mar 2011 08:12:44 GMT] [error] [<0.278.0>] cookie auth secret is not set

[Thu, 31 Mar 2011 08:12:44 GMT] [info] [<0.103.0>] 127.0.0.1 - - 'GET' /_session 200

[Thu, 31 Mar 2011 08:12:44 GMT] [info] [<0.278.0>] 127.0.0.1 - - 'GET' / 200

[Thu, 31 Mar 2011 08:12:44 GMT] [error] [<0.279.0>] cookie auth secret is not set

[Thu, 31 Mar 2011 08:12:44 GMT] [error] [<0.278.0>] cookie auth secret is not set

[Thu, 31 Mar 2011 08:12:44 GMT] [info] [<0.279.0>] 127.0.0.1 - - 'GET' /_users/ 200

[Thu, 31 Mar 2011 08:12:44 GMT] [info] [<0.278.0>] 127.0.0.1 - - 'GET' /reg_node/ 200

[Thu, 31 Mar 2011 08:12:46 GMT] [error] [<0.278.0>] cookie auth secret is not set

[Thu, 31 Mar 2011 08:12:46 GMT] [info] [<0.278.0>] 127.0.0.1 - - 'GET' /reg_node/_all_docs?startkey=%22_design%2F%22&endkey=%22_design0%22&include_docs=true 200

[Thu, 31 Mar 2011 08:12:46 GMT] [error] [<0.278.0>] cookie auth secret is not set

[Thu, 31 Mar 2011 08:12:46 GMT] [error] [<0.279.0>] cookie auth secret is not set

[Thu, 31 Mar 2011 08:12:46 GMT] [info] [<0.279.0>] 127.0.0.1 - - 'GET' /_config/query_servers/ 200

[Thu, 31 Mar 2011 08:12:46 GMT] [info] [<0.278.0>] 127.0.0.1 - - 'GET' /reg_node/_all_docs?limit=11 200

[Thu, 31 Mar 2011 08:12:46 GMT] [error] [<0.279.0>] cookie auth secret is not set

[Thu, 31 Mar 2011 08:12:46 GMT] [error] [<0.278.0>] cookie auth secret is not set

[Thu, 31 Mar 2011 08:12:46 GMT] [info] [<0.279.0>] 127.0.0.1 - - 'GET' / 200

[Thu, 31 Mar 2011 08:12:46 GMT] [info] [<0.278.0>] 127.0.0.1 - - 'GET' /_session 200

[Thu, 31 Mar 2011 08:12:46 GMT] [error] [<0.103.0>] cookie auth secret is not set

[Thu, 31 Mar 2011 08:12:46 GMT] [info] [<0.103.0>] 127.0.0.1 - - 'GET' /_config/native_query_servers/ 200

[Thu, 31 Mar 2011 08:32:02 GMT] [info] [<0.280.0>] 127.0.0.1 - - 'HEAD' /reg_node/ 200

[Thu, 31 Mar 2011 08:32:02 GMT] [info] [<0.1462.0>] 127.0.0.1 - - 'GET' /reg_node/ 200

[Thu, 31 Mar 2011 08:32:02 GMT] [info] [<0.1463.0>] 127.0.0.1 - - 'GET' /reg_node/_local%2F5e301329775faa4ea7c7adc19e6e7682 404

[Thu, 31 Mar 2011 08:32:02 GMT] [info] [<0.1464.0>] 127.0.0.1 - - 'POST' /reg_node/_missing_revs 200

[Thu, 31 Mar 2011 08:32:07 GMT] [info] [<0.1465.0>] 127.0.0.1 - - 'POST' /reg_node/_ensure_full_commit 201

[Thu, 31 Mar 2011 08:32:07 GMT] [info] [<0.1471.0>] 127.0.0.1 - - 'PUT' /reg_node/_local%2F5e301329775faa4ea7c7adc19e6e7682 201

[Thu, 31 Mar 2011 08:32:33 GMT] [error] [<0.1472.0>] cookie auth secret is not set

[Thu, 31 Mar 2011 08:32:33 GMT] [error] [<0.1472.0>] cookie auth secret is not set

[Thu, 31 Mar 2011 08:32:33 GMT] [info] [<0.1472.0>] 127.0.0.1 - - 'GET' /_all_dbs 200

[Thu, 31 Mar 2011 08:32:33 GMT] [error] [<0.1472.0>] cookie auth secret is not set

[Thu, 31 Mar 2011 08:32:33 GMT] [error] [<0.1499.0>] cookie auth secret is not set

[Thu, 31 Mar 2011 08:32:33 GMT] [info] [<0.1472.0>] 127.0.0.1 - - 'GET' /_session 200

[Thu, 31 Mar 2011 08:32:34 GMT] [info] [<0.1499.0>] 127.0.0.1 - - 'GET' / 200

[Thu, 31 Mar 2011 08:33:05 GMT] [error] [<0.1500.0>] cookie auth secret is not set

[Thu, 31 Mar 2011 08:33:05 GMT] [error] [<0.1534.0>] {error_report,<0.30.0>,
    {<0.1534.0>,crash_report,
     [[{initial_call,{couch_rep,init,['Argument__1']}},
       {pid,<0.1534.0>},
       {registered_name,[]},
       {error_info,
           {exit,
               {db_not_found,<<"http://localhost:5001/glob_node/">>},
               [{gen_server,init_it,6},{proc_lib,init_p_do_apply,3}]}},
       {ancestors,
           [couch_rep_sup,couch_primary_services,couch_server_sup,<0.31.0>]},
       {messages,[]},
       {links,[<0.81.0>]},
       {dictionary,[]},
       {trap_exit,true},
       {status,running},
       {heap_size,2584},
       {stack_size,24},
       {reductions,705}],
      []]}}

[Thu, 31 Mar 2011 08:33:05 GMT] [info] [<0.1500.0>] 127.0.0.1 - - 'POST' /_replicate 404

[Thu, 31 Mar 2011 08:33:30 GMT] [error] [<0.1500.0>] cookie auth secret is not set

[Thu, 31 Mar 2011 08:33:30 GMT] [info] [<0.1500.0>] starting new replication "1e4c094de5a55bc37b3a90f2ed6ed7ef+continuous" at <0.1564.0>

[Thu, 31 Mar 2011 08:33:30 GMT] [info] [<0.1500.0>] 127.0.0.1 - - 'POST' /_replicate 202

[Thu, 31 Mar 2011 08:33:30 GMT] [info] [<0.1533.0>] 127.0.0.1 - - 'POST' /reg_node/_missing_revs 200

[Thu, 31 Mar 2011 08:33:35 GMT] [info] [<0.1564.0>] recording a checkpoint for reg_node -> http://localhost:5001/global_node/ at source update_seq 15

[Thu, 31 Mar 2011 08:33:35 GMT] [info] [<0.1579.0>] 127.0.0.1 - - 'POST' /reg_node/_ensure_full_commit 201

[Thu, 31 Mar 2011 08:33:35 GMT] [info] [<0.1589.0>] 127.0.0.1 - - 'PUT' /reg_node/_local%2F5e301329775faa4ea7c7adc19e6e7682 201

[Thu, 31 Mar 2011 08:34:10 GMT] [error] [<0.1590.0>] cookie auth secret is not set

[Thu, 31 Mar 2011 08:34:10 GMT] [info] [<0.1590.0>] 127.0.0.1 - - 'GET' /_all_dbs 200

[Thu, 31 Mar 2011 08:34:11 GMT] [error] [<0.1590.0>] cookie auth secret is not set

[Thu, 31 Mar 2011 08:34:11 GMT] [error] [<0.1626.0>] cookie auth secret is not set

[Thu, 31 Mar 2011 08:34:11 GMT] [info] [<0.1590.0>] 127.0.0.1 - - 'GET' /_session 200

[Thu, 31 Mar 2011 08:34:11 GMT] [error] [<0.1627.0>] cookie auth secret is not set

[Thu, 31 Mar 2011 08:34:11 GMT] [info] [<0.1626.0>] 127.0.0.1 - - 'GET' / 200

[Thu, 31 Mar 2011 08:34:11 GMT] [info] [<0.1627.0>] 127.0.0.1 - - 'GET' /_users/ 200

[Thu, 31 Mar 2011 08:34:11 GMT] [error] [<0.1626.0>] cookie auth secret is not set

[Thu, 31 Mar 2011 08:34:11 GMT] [info] [<0.1626.0>] 127.0.0.1 - - 'GET' /reg_node/ 200

[Thu, 31 Mar 2011 08:34:12 GMT] [error] [<0.1626.0>] cookie auth secret is not set

[Thu, 31 Mar 2011 08:34:12 GMT] [info] [<0.1626.0>] 127.0.0.1 - - 'GET' /reg_node/_all_docs?startkey=%22_design%2F%22&endkey=%22_design0%22&include_docs=true 200

[Thu, 31 Mar 2011 08:34:12 GMT] [error] [<0.1626.0>] cookie auth secret is not set

[Thu, 31 Mar 2011 08:34:12 GMT] [error] [<0.1627.0>] cookie auth secret is not set

[Thu, 31 Mar 2011 08:34:12 GMT] [info] [<0.1627.0>] 127.0.0.1 - - 'GET' /_config/query_servers/ 200

[Thu, 31 Mar 2011 08:34:12 GMT] [info] [<0.1626.0>] 127.0.0.1 - - 'GET' /reg_node/_all_docs?limit=11 200

[Thu, 31 Mar 2011 08:34:12 GMT] [error] [<0.1626.0>] cookie auth secret is not set

[Thu, 31 Mar 2011 08:34:12 GMT] [error] [<0.1627.0>] cookie auth secret is not set

[Thu, 31 Mar 2011 08:34:12 GMT] [error] [<0.1590.0>] cookie auth secret is not set

[Thu, 31 Mar 2011 08:34:12 GMT] [info] [<0.1626.0>] 127.0.0.1 - - 'GET' /_session 200

[Thu, 31 Mar 2011 08:34:12 GMT] [info] [<0.1627.0>] 127.0.0.1 - - 'GET' / 200

[Thu, 31 Mar 2011 08:34:12 GMT] [info] [<0.1590.0>] 127.0.0.1 - - 'GET' /_config/native_query_servers/ 200

[Thu, 31 Mar 2011 08:45:14 GMT] [info] [<0.1628.0>] 127.0.0.1 - - 'GET' /reg_node/_changes?feed=continuous 200

[Thu, 31 Mar 2011 08:45:35 GMT] [info] [<0.2293.0>] 127.0.0.1 - - 'POST' /reg_node/_missing_revs 200

[Thu, 31 Mar 2011 08:45:35 GMT] [info] [<0.2317.0>] 127.0.0.1 - - 'POST' /reg_node/_bulk_docs 201

[Thu, 31 Mar 2011 08:45:40 GMT] [info] [<0.2318.0>] 127.0.0.1 - - 'POST' /reg_node/_ensure_full_commit 201

[Thu, 31 Mar 2011 08:45:40 GMT] [info] [<0.2325.0>] 127.0.0.1 - - 'PUT' /reg_node/_local%2F5e301329775faa4ea7c7adc19e6e7682 201

[Thu, 31 Mar 2011 08:45:40 GMT] [info] [<0.1564.0>] recording a checkpoint for reg_node -> http://localhost:5001/global_node/ at source update_seq 16

[Thu, 31 Mar 2011 08:45:40 GMT] [error] [<0.1564.0>] checkpoint failure: conflict (are you replicating to yourself?)

[Thu, 31 Mar 2011 10:33:03 GMT] [error] [<0.2329.0>] cookie auth secret is not set

[Thu, 31 Mar 2011 10:33:03 GMT] [info] [<0.2329.0>] 127.0.0.1 - - 'GET' /_all_dbs 200

[Thu, 31 Mar 2011 10:33:03 GMT] [error] [<0.2329.0>] cookie auth secret is not set

[Thu, 31 Mar 2011 10:33:03 GMT] [error] [<0.8773.0>] cookie auth secret is not set

[Thu, 31 Mar 2011 10:33:03 GMT] [info] [<0.2329.0>] 127.0.0.1 - - 'GET' /_session 200

[Thu, 31 Mar 2011 10:33:03 GMT] [info] [<0.8773.0>] 127.0.0.1 - - 'GET' / 200

[Thu, 31 Mar 2011 11:52:40 GMT] [error] [<0.8774.0>] cookie auth secret is not set

[Thu, 31 Mar 2011 11:52:40 GMT] [info] [<0.8774.0>] 127.0.0.1 - - 'GET' /_all_dbs 200

[Thu, 31 Mar 2011 11:52:40 GMT] [error] [<0.8774.0>] cookie auth secret is not set

[Thu, 31 Mar 2011 11:52:40 GMT] [error] [<0.11321.0>] cookie auth secret is not set

[Thu, 31 Mar 2011 11:52:40 GMT] [info] [<0.8774.0>] 127.0.0.1 - - 'GET' /_session 200

[Thu, 31 Mar 2011 11:52:40 GMT] [info] [<0.11321.0>] 127.0.0.1 - - 'GET' / 200

[Thu, 31 Mar 2011 11:52:40 GMT] [error] [<0.11321.0>] cookie auth secret is not set

[Thu, 31 Mar 2011 11:52:40 GMT] [error] [<0.8774.0>] cookie auth secret is not set

[Thu, 31 Mar 2011 11:52:40 GMT] [info] [<0.11321.0>] 127.0.0.1 - - 'GET' /_users/ 200

[Thu, 31 Mar 2011 11:52:40 GMT] [info] [<0.8774.0>] 127.0.0.1 - - 'GET' /reg_node/ 200

[Thu, 31 Mar 2011 11:52:41 GMT] [error] [<0.8774.0>] cookie auth secret is not set

[Thu, 31 Mar 2011 11:52:41 GMT] [info] [<0.8774.0>] 127.0.0.1 - - 'GET' /reg_node/_all_docs?startkey=%22_design%2F%22&endkey=%22_design0%22&include_docs=true 200

[Thu, 31 Mar 2011 11:52:41 GMT] [error] [<0.8774.0>] cookie auth secret is not set

[Thu, 31 Mar 2011 11:52:41 GMT] [error] [<0.11321.0>] cookie auth secret is not set

[Thu, 31 Mar 2011 11:52:41 GMT] [info] [<0.11321.0>] 127.0.0.1 - - 'GET' /_config/query_servers/ 200

[Thu, 31 Mar 2011 11:52:41 GMT] [info] [<0.8774.0>] 127.0.0.1 - - 'GET' /reg_node/_all_docs?limit=11 200

[Thu, 31 Mar 2011 11:52:41 GMT] [error] [<0.8774.0>] cookie auth secret is not set

[Thu, 31 Mar 2011 11:52:41 GMT] [error] [<0.11321.0>] cookie auth secret is not set

[Thu, 31 Mar 2011 11:52:41 GMT] [info] [<0.8774.0>] 127.0.0.1 - - 'GET' /_session 200

[Thu, 31 Mar 2011 11:52:41 GMT] [info] [<0.11321.0>] 127.0.0.1 - - 'GET' / 200

[Thu, 31 Mar 2011 11:52:41 GMT] [error] [<0.8774.0>] cookie auth secret is not set

[Thu, 31 Mar 2011 11:52:41 GMT] [info] [<0.8774.0>] 127.0.0.1 - - 'GET' /_config/native_query_servers/ 200

[Fri, 01 Apr 2011 09:26:49 GMT] [info] [<0.31.0>] Apache CouchDB has started on http://127.0.0.1:5002/

[Fri, 01 Apr 2011 10:05:57 GMT] [info] [<0.103.0>] 127.0.0.1 - - 'HEAD' /reg_node/ 200

[Fri, 01 Apr 2011 10:05:57 GMT] [info] [<0.2453.0>] 127.0.0.1 - - 'GET' /reg_node/ 200

[Fri, 01 Apr 2011 10:05:57 GMT] [info] [<0.2461.0>] 127.0.0.1 - - 'GET' /reg_node/_local%2Fce1251b08b14fcc198e46f0238b535e3 404

[Fri, 01 Apr 2011 10:05:57 GMT] [info] [<0.2462.0>] 127.0.0.1 - - 'POST' /reg_node/_missing_revs 200

[Fri, 01 Apr 2011 10:06:02 GMT] [info] [<0.2463.0>] 127.0.0.1 - - 'POST' /reg_node/_ensure_full_commit 201

[Fri, 01 Apr 2011 10:06:02 GMT] [info] [<0.2469.0>] 127.0.0.1 - - 'PUT' /reg_node/_local%2Fce1251b08b14fcc198e46f0238b535e3 201

[Fri, 01 Apr 2011 10:06:52 GMT] [info] [<0.2470.0>] 127.0.0.1 - - 'GET' /_utils 301

[Fri, 01 Apr 2011 10:06:52 GMT] [info] [<0.2525.0>] 127.0.0.1 - - 'GET' /_all_dbs 200

[Fri, 01 Apr 2011 10:06:52 GMT] [info] [<0.2525.0>] 127.0.0.1 - - 'GET' /_session 200

[Fri, 01 Apr 2011 10:06:52 GMT] [info] [<0.2524.0>] 127.0.0.1 - - 'GET' / 200

[Fri, 01 Apr 2011 10:06:52 GMT] [info] [<0.2523.0>] 127.0.0.1 - - 'GET' /reg_node/ 200

[Fri, 01 Apr 2011 10:06:52 GMT] [info] [<0.2522.0>] 127.0.0.1 - - 'GET' /_users/ 200

[Fri, 01 Apr 2011 10:06:55 GMT] [info] [<0.2524.0>] 127.0.0.1 - - 'GET' /_config/query_servers/ 200

[Fri, 01 Apr 2011 10:06:55 GMT] [info] [<0.2523.0>] 127.0.0.1 - - 'GET' /reg_node/_all_docs?startkey=%22_design%2F%22&endkey=%22_design0%22&include_docs=true 200

[Fri, 01 Apr 2011 10:06:55 GMT] [info] [<0.2522.0>] 127.0.0.1 - - 'GET' /reg_node/_all_docs?limit=11 200

[Fri, 01 Apr 2011 10:06:55 GMT] [info] [<0.2524.0>] 127.0.0.1 - - 'GET' /_session 200

[Fri, 01 Apr 2011 10:06:55 GMT] [info] [<0.2522.0>] 127.0.0.1 - - 'GET' / 200

[Fri, 01 Apr 2011 10:06:55 GMT] [info] [<0.2523.0>] 127.0.0.1 - - 'GET' /_config/native_query_servers/ 200

[Fri, 01 Apr 2011 10:07:25 GMT] [info] [<0.2524.0>] 127.0.0.1 - - 'GET' /_uuids?count=1 200

[Fri, 01 Apr 2011 10:07:25 GMT] [info] [<0.2526.0>] 127.0.0.1 - - 'GET' /_session 200

[Fri, 01 Apr 2011 10:07:25 GMT] [info] [<0.2523.0>] 127.0.0.1 - - 'GET' / 200

[Fri, 01 Apr 2011 10:07:33 GMT] [info] [<0.2523.0>] 127.0.0.1 - - 'PUT' /reg_node/today_ruby 201

[Fri, 01 Apr 2011 10:07:33 GMT] [info] [<0.2523.0>] 127.0.0.1 - - 'GET' /reg_node/today_ruby?revs_info=true 200

[Fri, 01 Apr 2011 10:07:33 GMT] [info] [<0.2523.0>] 127.0.0.1 - - 'GET' /_session 200

[Fri, 01 Apr 2011 10:07:33 GMT] [info] [<0.2526.0>] 127.0.0.1 - - 'GET' / 200

[Fri, 01 Apr 2011 10:07:35 GMT] [info] [<0.2526.0>] 127.0.0.1 - - 'GET' /reg_node/_all_docs?startkey=%22_design%2F%22&endkey=%22_design0%22&include_docs=true 200

[Fri, 01 Apr 2011 10:07:35 GMT] [info] [<0.2523.0>] 127.0.0.1 - - 'GET' /_config/query_servers/ 200

[Fri, 01 Apr 2011 10:07:35 GMT] [info] [<0.2526.0>] 127.0.0.1 - - 'GET' /reg_node/_all_docs?limit=11 200

[Fri, 01 Apr 2011 10:07:35 GMT] [info] [<0.2526.0>] 127.0.0.1 - - 'GET' /_session 200

[Fri, 01 Apr 2011 10:07:35 GMT] [info] [<0.2523.0>] 127.0.0.1 - - 'GET' / 200

[Fri, 01 Apr 2011 10:07:35 GMT] [info] [<0.2522.0>] 127.0.0.1 - - 'GET' /_config/native_query_servers/ 200

[Fri, 01 Apr 2011 10:08:46 GMT] [info] [<0.2560.0>] 127.0.0.1 - - 'HEAD' /reg_node/ 200

[Fri, 01 Apr 2011 10:08:46 GMT] [info] [<0.2642.0>] 127.0.0.1 - - 'GET' /reg_node/ 200

[Fri, 01 Apr 2011 10:08:46 GMT] [info] [<0.2643.0>] 127.0.0.1 - - 'GET' /reg_node/_local%2Fb96b387b7e7bafe00d38fa2f7abe519b 200

[Fri, 01 Apr 2011 10:08:46 GMT] [info] [<0.2644.0>] 127.0.0.1 - - 'GET' /reg_node/_changes?style=all_docs&heartbeat=10000&since=14&feed=continuous 200

[Fri, 01 Apr 2011 10:08:46 GMT] [info] [<0.2645.0>] 127.0.0.1 - - 'GET' /reg_node/today_ruby?open_revs=["1-967a00dff5e02add41819138abb3284d"]&revs=true&latest=true&att_encoding_info=true 200

[Fri, 01 Apr 2011 10:08:46 GMT] [info] [<0.2648.0>] 127.0.0.1 - - 'POST' /reg_node/_missing_revs 200

[Fri, 01 Apr 2011 10:08:51 GMT] [info] [<0.2649.0>] 127.0.0.1 - - 'POST' /reg_node/_ensure_full_commit?seq=17 201

[Fri, 01 Apr 2011 10:08:51 GMT] [info] [<0.2655.0>] 127.0.0.1 - - 'PUT' /reg_node/_local%2Fb96b387b7e7bafe00d38fa2f7abe519b 201

[Fri, 01 Apr 2011 10:08:51 GMT] [info] [<0.2656.0>] 127.0.0.1 - - 'POST' /reg_node/_ensure_full_commit 201

[Fri, 01 Apr 2011 10:08:51 GMT] [info] [<0.2657.0>] 127.0.0.1 - - 'PUT' /reg_node/_local%2Fce1251b08b14fcc198e46f0238b535e3 201

[Fri, 01 Apr 2011 10:09:00 GMT] [info] [<0.2658.0>] 127.0.0.1 - - 'POST' /reg_node/_missing_revs 200

[Fri, 01 Apr 2011 10:09:00 GMT] [info] [<0.2669.0>] 127.0.0.1 - - 'POST' /reg_node/_bulk_docs 201

[Fri, 01 Apr 2011 10:09:00 GMT] [info] [<0.2670.0>] 127.0.0.1 - - 'GET' /reg_node/ruuuuuby?open_revs=["1-967a00dff5e02add41819138abb3284d"]&revs=true&latest=true&att_encoding_info=true 200

[Fri, 01 Apr 2011 10:09:05 GMT] [info] [<0.2671.0>] 127.0.0.1 - - 'GET' /_all_dbs 200

[Fri, 01 Apr 2011 10:09:05 GMT] [info] [<0.2677.0>] 127.0.0.1 - - 'GET' / 200

[Fri, 01 Apr 2011 10:09:05 GMT] [info] [<0.2671.0>] 127.0.0.1 - - 'GET' /_session 200

[Fri, 01 Apr 2011 10:09:05 GMT] [info] [<0.2679.0>] 127.0.0.1 - - 'GET' /reg_node/ 200

[Fri, 01 Apr 2011 10:09:05 GMT] [info] [<0.2678.0>] 127.0.0.1 - - 'GET' /_users/ 200

[Fri, 01 Apr 2011 10:09:05 GMT] [info] [<0.2680.0>] 127.0.0.1 - - 'POST' /reg_node/_ensure_full_commit 201

[Fri, 01 Apr 2011 10:09:05 GMT] [info] [<0.2681.0>] 127.0.0.1 - - 'PUT' /reg_node/_local%2Fce1251b08b14fcc198e46f0238b535e3 201

[Fri, 01 Apr 2011 10:09:05 GMT] [info] [<0.2682.0>] 127.0.0.1 - - 'POST' /reg_node/_ensure_full_commit?seq=18 201

[Fri, 01 Apr 2011 10:09:05 GMT] [info] [<0.2683.0>] 127.0.0.1 - - 'PUT' /reg_node/_local%2Fb96b387b7e7bafe00d38fa2f7abe519b 201

[Fri, 01 Apr 2011 10:09:07 GMT] [info] [<0.2678.0>] 127.0.0.1 - - 'GET' /reg_node/_all_docs?startkey=%22_design%2F%22&endkey=%22_design0%22&include_docs=true 200

[Fri, 01 Apr 2011 10:09:07 GMT] [info] [<0.2679.0>] 127.0.0.1 - - 'GET' /_config/query_servers/ 200

[Fri, 01 Apr 2011 10:09:07 GMT] [info] [<0.2678.0>] 127.0.0.1 - - 'GET' /reg_node/_all_docs?limit=11 200

[Fri, 01 Apr 2011 10:09:07 GMT] [info] [<0.2678.0>] 127.0.0.1 - - 'GET' /_session 200

[Fri, 01 Apr 2011 10:09:07 GMT] [info] [<0.2679.0>] 127.0.0.1 - - 'GET' / 200

[Fri, 01 Apr 2011 10:09:07 GMT] [info] [<0.2671.0>] 127.0.0.1 - - 'GET' /_config/native_query_servers/ 200

[Fri, 01 Apr 2011 10:13:02 GMT] [info] [<0.2684.0>] 127.0.0.1 - - 'GET' /_uuids?count=1 200

[Fri, 01 Apr 2011 10:13:03 GMT] [info] [<0.2922.0>] 127.0.0.1 - - 'GET' / 200

[Fri, 01 Apr 2011 10:13:03 GMT] [info] [<0.2684.0>] 127.0.0.1 - - 'GET' /_session 200

[Fri, 01 Apr 2011 10:13:07 GMT] [info] [<0.2684.0>] 127.0.0.1 - - 'PUT' /reg_node/NEW 201

[Fri, 01 Apr 2011 10:13:07 GMT] [info] [<0.2923.0>] 127.0.0.1 - - 'GET' /reg_node/NEW?open_revs=["1-967a00dff5e02add41819138abb3284d"]&revs=true&latest=true&att_encoding_info=true 200

[Fri, 01 Apr 2011 10:13:07 GMT] [info] [<0.2929.0>] 127.0.0.1 - - 'POST' /reg_node/_missing_revs 200

[Fri, 01 Apr 2011 10:13:07 GMT] [info] [<0.2684.0>] 127.0.0.1 - - 'GET' /reg_node/NEW?revs_info=true 200

[Fri, 01 Apr 2011 10:13:07 GMT] [info] [<0.2684.0>] 127.0.0.1 - - 'GET' /_session 200

[Fri, 01 Apr 2011 10:13:07 GMT] [info] [<0.2922.0>] 127.0.0.1 - - 'GET' / 200

[Fri, 01 Apr 2011 10:13:12 GMT] [info] [<0.2930.0>] 127.0.0.1 - - 'POST' /reg_node/_ensure_full_commit?seq=19 201

[Fri, 01 Apr 2011 10:13:12 GMT] [info] [<0.2936.0>] 127.0.0.1 - - 'PUT' /reg_node/_local%2Fb96b387b7e7bafe00d38fa2f7abe519b 201

[Fri, 01 Apr 2011 10:13:12 GMT] [info] [<0.2937.0>] 127.0.0.1 - - 'POST' /reg_node/_ensure_full_commit 201

[Fri, 01 Apr 2011 10:13:12 GMT] [info] [<0.2938.0>] 127.0.0.1 - - 'PUT' /reg_node/_local%2Fce1251b08b14fcc198e46f0238b535e3 201

[Fri, 01 Apr 2011 11:26:05 GMT] [info] [<0.2939.0>] 127.0.0.1 - - 'POST' /reg_node/_missing_revs 200

[Fri, 01 Apr 2011 11:26:05 GMT] [info] [<0.7312.0>] 127.0.0.1 - - 'POST' /reg_node/_bulk_docs 201

[Fri, 01 Apr 2011 11:26:05 GMT] [info] [<0.7313.0>] 127.0.0.1 - - 'GET' /reg_node/teeest?open_revs=["1-967a00dff5e02add41819138abb3284d"]&revs=true&latest=true&att_encoding_info=true 200

[Fri, 01 Apr 2011 11:26:10 GMT] [info] [<0.7314.0>] 127.0.0.1 - - 'POST' /reg_node/_ensure_full_commit 201

[Fri, 01 Apr 2011 11:26:10 GMT] [info] [<0.7321.0>] 127.0.0.1 - - 'POST' /reg_node/_ensure_full_commit?seq=20 201

[Fri, 01 Apr 2011 11:26:10 GMT] [info] [<0.7320.0>] 127.0.0.1 - - 'PUT' /reg_node/_local%2Fce1251b08b14fcc198e46f0238b535e3 201

[Fri, 01 Apr 2011 11:26:10 GMT] [info] [<0.7322.0>] 127.0.0.1 - - 'PUT' /reg_node/_local%2Fb96b387b7e7bafe00d38fa2f7abe519b 201

[Fri, 01 Apr 2011 11:29:00 GMT] [info] [<0.7323.0>] 127.0.0.1 - - 'POST' /reg_node/_missing_revs 200

[Fri, 01 Apr 2011 11:29:00 GMT] [info] [<0.7494.0>] 127.0.0.1 - - 'POST' /reg_node/_bulk_docs 201

[Fri, 01 Apr 2011 11:29:00 GMT] [info] [<0.7495.0>] 127.0.0.1 - - 'GET' /reg_node/teeest?open_revs=["2-34ebb9f2fba3b1735440121174f327a4"]&revs=true&latest=true&att_encoding_info=true 200

[Fri, 01 Apr 2011 11:29:05 GMT] [info] [<0.7496.0>] 127.0.0.1 - - 'POST' /reg_node/_ensure_full_commit 201

[Fri, 01 Apr 2011 11:29:05 GMT] [info] [<0.7502.0>] 127.0.0.1 - - 'PUT' /reg_node/_local%2Fce1251b08b14fcc198e46f0238b535e3 201

[Fri, 01 Apr 2011 11:29:05 GMT] [info] [<0.7503.0>] 127.0.0.1 - - 'POST' /reg_node/_ensure_full_commit?seq=21 201

[Fri, 01 Apr 2011 11:29:05 GMT] [info] [<0.7504.0>] 127.0.0.1 - - 'PUT' /reg_node/_local%2Fb96b387b7e7bafe00d38fa2f7abe519b 201

[Fri, 01 Apr 2011 12:28:42 GMT] [info] [<0.7505.0>] 127.0.0.1 - - 'POST' /reg_node/_missing_revs 200

[Fri, 01 Apr 2011 12:28:42 GMT] [info] [<0.11120.0>] 127.0.0.1 - - 'POST' /reg_node/_bulk_docs 201

[Fri, 01 Apr 2011 12:28:42 GMT] [info] [<0.11121.0>] 127.0.0.1 - - 'GET' /reg_node/fuck?open_revs=["1-967a00dff5e02add41819138abb3284d"]&revs=true&latest=true&att_encoding_info=true 200

[Fri, 01 Apr 2011 12:28:47 GMT] [info] [<0.11122.0>] 127.0.0.1 - - 'POST' /reg_node/_ensure_full_commit 201

[Fri, 01 Apr 2011 12:28:47 GMT] [info] [<0.11129.0>] 127.0.0.1 - - 'POST' /reg_node/_ensure_full_commit?seq=22 201

[Fri, 01 Apr 2011 12:28:47 GMT] [info] [<0.11128.0>] 127.0.0.1 - - 'PUT' /reg_node/_local%2Fce1251b08b14fcc198e46f0238b535e3 201

[Fri, 01 Apr 2011 12:28:47 GMT] [info] [<0.11130.0>] 127.0.0.1 - - 'PUT' /reg_node/_local%2Fb96b387b7e7bafe00d38fa2f7abe519b 201

[Fri, 01 Apr 2011 14:41:47 GMT] [info] [<0.11131.0>] 127.0.0.1 - - 'POST' /reg_node/_missing_revs 200

[Fri, 01 Apr 2011 14:41:47 GMT] [info] [<0.19244.0>] 127.0.0.1 - - 'POST' /reg_node/_bulk_docs 201

[Fri, 01 Apr 2011 14:41:47 GMT] [info] [<0.19245.0>] 127.0.0.1 - - 'GET' /reg_node/fuck?open_revs=["2-8132ad458f1e71c0a56735af14323048"]&revs=true&latest=true&att_encoding_info=true 200

[Fri, 01 Apr 2011 14:41:52 GMT] [info] [<0.19246.0>] 127.0.0.1 - - 'POST' /reg_node/_ensure_full_commit 201

[Fri, 01 Apr 2011 14:41:52 GMT] [info] [<0.19253.0>] 127.0.0.1 - - 'PUT' /reg_node/_local%2Fce1251b08b14fcc198e46f0238b535e3 201

[Fri, 01 Apr 2011 14:41:52 GMT] [info] [<0.19254.0>] 127.0.0.1 - - 'POST' /reg_node/_ensure_full_commit?seq=23 201

[Fri, 01 Apr 2011 14:41:52 GMT] [info] [<0.19255.0>] 127.0.0.1 - - 'PUT' /reg_node/_local%2Fb96b387b7e7bafe00d38fa2f7abe519b 201

[Fri, 01 Apr 2011 14:41:54 GMT] [info] [<0.19256.0>] 127.0.0.1 - - 'POST' /reg_node/_missing_revs 200

[Fri, 01 Apr 2011 14:41:54 GMT] [info] [<0.19260.0>] 127.0.0.1 - - 'POST' /reg_node/_bulk_docs 201

[Fri, 01 Apr 2011 14:41:54 GMT] [info] [<0.19261.0>] 127.0.0.1 - - 'GET' /reg_node/fuck?open_revs=["3-d6cbf796471aaf46bccc0c148cbf89a7"]&revs=true&latest=true&att_encoding_info=true 200

[Fri, 01 Apr 2011 14:41:59 GMT] [info] [<0.19262.0>] 127.0.0.1 - - 'POST' /reg_node/_ensure_full_commit 201

[Fri, 01 Apr 2011 14:41:59 GMT] [info] [<0.19268.0>] 127.0.0.1 - - 'POST' /reg_node/_ensure_full_commit?seq=24 201

[Fri, 01 Apr 2011 14:41:59 GMT] [info] [<0.19269.0>] 127.0.0.1 - - 'PUT' /reg_node/_local%2Fce1251b08b14fcc198e46f0238b535e3 201

[Fri, 01 Apr 2011 14:41:59 GMT] [info] [<0.19270.0>] 127.0.0.1 - - 'PUT' /reg_node/_local%2Fb96b387b7e7bafe00d38fa2f7abe519b 201

[Fri, 01 Apr 2011 14:42:54 GMT] [info] [<0.19271.0>] 127.0.0.1 - - 'POST' /reg_node/_missing_revs 200

[Fri, 01 Apr 2011 14:42:54 GMT] [info] [<0.19327.0>] 127.0.0.1 - - 'POST' /reg_node/_bulk_docs 201

[Fri, 01 Apr 2011 14:42:54 GMT] [info] [<0.19328.0>] 127.0.0.1 - - 'GET' /reg_node/fuck?open_revs=["4-f54faeca9688ea818114e5507910e4da"]&revs=true&latest=true&att_encoding_info=true 200

[Fri, 01 Apr 2011 14:42:59 GMT] [info] [<0.19329.0>] 127.0.0.1 - - 'POST' /reg_node/_ensure_full_commit 201

[Fri, 01 Apr 2011 14:42:59 GMT] [info] [<0.19336.0>] 127.0.0.1 - - 'POST' /reg_node/_ensure_full_commit?seq=25 201

[Fri, 01 Apr 2011 14:42:59 GMT] [info] [<0.19335.0>] 127.0.0.1 - - 'PUT' /reg_node/_local%2Fce1251b08b14fcc198e46f0238b535e3 201

[Fri, 01 Apr 2011 14:42:59 GMT] [info] [<0.19337.0>] 127.0.0.1 - - 'PUT' /reg_node/_local%2Fb96b387b7e7bafe00d38fa2f7abe519b 201

[Fri, 01 Apr 2011 14:43:42 GMT] [info] [<0.19338.0>] 127.0.0.1 - - 'POST' /reg_node/_missing_revs 200

[Fri, 01 Apr 2011 14:43:42 GMT] [info] [<0.19383.0>] 127.0.0.1 - - 'POST' /reg_node/_bulk_docs 201

[Fri, 01 Apr 2011 14:43:42 GMT] [info] [<0.19384.0>] 127.0.0.1 - - 'GET' /reg_node/nuhem?open_revs=["1-967a00dff5e02add41819138abb3284d"]&revs=true&latest=true&att_encoding_info=true 200

[Fri, 01 Apr 2011 14:43:47 GMT] [info] [<0.19385.0>] 127.0.0.1 - - 'POST' /reg_node/_ensure_full_commit 201

[Fri, 01 Apr 2011 14:43:47 GMT] [info] [<0.19391.0>] 127.0.0.1 - - 'PUT' /reg_node/_local%2Fce1251b08b14fcc198e46f0238b535e3 201

[Fri, 01 Apr 2011 14:43:47 GMT] [info] [<0.19392.0>] 127.0.0.1 - - 'POST' /reg_node/_ensure_full_commit?seq=26 201

[Fri, 01 Apr 2011 14:43:47 GMT] [info] [<0.19393.0>] 127.0.0.1 - - 'PUT' /reg_node/_local%2Fb96b387b7e7bafe00d38fa2f7abe519b 201

[Mon, 04 Apr 2011 07:52:52 GMT] [info] [<0.31.0>] Apache CouchDB has started on http://127.0.0.1:5002/

[Mon, 04 Apr 2011 14:02:23 GMT] [info] [<0.103.0>] 127.0.0.1 - - 'GET' /_all_dbs 200

[Mon, 04 Apr 2011 14:02:23 GMT] [info] [<0.103.0>] 127.0.0.1 - - 'GET' / 200

[Mon, 04 Apr 2011 14:02:23 GMT] [info] [<0.22505.0>] 127.0.0.1 - - 'GET' /_session 200

[Mon, 04 Apr 2011 14:02:23 GMT] [info] [<0.22505.0>] 127.0.0.1 - - 'GET' /_users/ 200

[Mon, 04 Apr 2011 14:02:23 GMT] [info] [<0.103.0>] 127.0.0.1 - - 'GET' /reg_node/ 200

[Mon, 04 Apr 2011 14:02:25 GMT] [info] [<0.22505.0>] 127.0.0.1 - - 'GET' /reg_node/_all_docs?startkey=%22_design%2F%22&endkey=%22_design0%22&include_docs=true 200

[Mon, 04 Apr 2011 14:02:25 GMT] [info] [<0.22503.0>] 127.0.0.1 - - 'GET' /_config/query_servers/ 200

[Mon, 04 Apr 2011 14:02:25 GMT] [info] [<0.103.0>] 127.0.0.1 - - 'GET' /reg_node/_all_docs?limit=11 200

[Mon, 04 Apr 2011 14:02:25 GMT] [info] [<0.22500.0>] 127.0.0.1 - - 'GET' /_session 200

[Mon, 04 Apr 2011 14:02:25 GMT] [info] [<0.22504.0>] 127.0.0.1 - - 'GET' / 200

[Mon, 04 Apr 2011 14:02:25 GMT] [info] [<0.22500.0>] 127.0.0.1 - - 'GET' /_config/native_query_servers/ 200

[Mon, 04 Apr 2011 14:02:37 GMT] [info] [<0.22507.0>] 127.0.0.1 - - 'HEAD' /reg_node/ 200

[Mon, 04 Apr 2011 14:02:37 GMT] [info] [<0.22530.0>] 127.0.0.1 - - 'GET' /reg_node/ 200

[Mon, 04 Apr 2011 14:02:37 GMT] [info] [<0.22531.0>] 127.0.0.1 - - 'GET' /reg_node/_local%2Fce1251b08b14fcc198e46f0238b535e3 200

[Mon, 04 Apr 2011 14:02:38 GMT] [info] [<0.22532.0>] 127.0.0.1 - - 'POST' /reg_node/_missing_revs 200

[Mon, 04 Apr 2011 14:02:38 GMT] [info] [<0.22533.0>] 127.0.0.1 - - 'POST' /reg_node/_bulk_docs 201

[Mon, 04 Apr 2011 14:02:38 GMT] [info] [<0.22534.0>] 127.0.0.1 - - 'POST' /reg_node/_bulk_docs 201

[Mon, 04 Apr 2011 14:02:43 GMT] [info] [<0.22535.0>] 127.0.0.1 - - 'POST' /reg_node/_ensure_full_commit 201

[Mon, 04 Apr 2011 14:02:43 GMT] [info] [<0.22541.0>] 127.0.0.1 - - 'PUT' /reg_node/_local%2Fce1251b08b14fcc198e46f0238b535e3 201

[Mon, 04 Apr 2011 14:03:21 GMT] [info] [<0.22542.0>] 127.0.0.1 - - 'HEAD' /reg_node/ 200

[Mon, 04 Apr 2011 14:03:21 GMT] [info] [<0.22583.0>] 127.0.0.1 - - 'GET' /reg_node/ 200

[Mon, 04 Apr 2011 14:03:21 GMT] [info] [<0.22584.0>] 127.0.0.1 - - 'GET' /reg_node/_local%2Fb96b387b7e7bafe00d38fa2f7abe519b 200

[Mon, 04 Apr 2011 14:03:21 GMT] [info] [<0.22585.0>] 127.0.0.1 - - 'GET' /reg_node/_changes?style=all_docs&heartbeat=10000&since=26&feed=continuous 200

[Mon, 04 Apr 2011 14:03:26 GMT] [info] [<0.22586.0>] 127.0.0.1 - - 'POST' /reg_node/_ensure_full_commit?seq=31 201

[Mon, 04 Apr 2011 14:03:26 GMT] [info] [<0.22594.0>] 127.0.0.1 - - 'PUT' /reg_node/_local%2Fb96b387b7e7bafe00d38fa2f7abe519b 201

[Mon, 04 Apr 2011 14:03:54 GMT] [info] [<0.22595.0>] 127.0.0.1 - - 'GET' /_all_dbs 200

[Mon, 04 Apr 2011 14:03:54 GMT] [info] [<0.22595.0>] 127.0.0.1 - - 'GET' /_session 200

[Mon, 04 Apr 2011 14:03:54 GMT] [info] [<0.22624.0>] 127.0.0.1 - - 'GET' / 200

[Mon, 04 Apr 2011 14:03:54 GMT] [info] [<0.22626.0>] 127.0.0.1 - - 'GET' /reg_node/ 200

[Mon, 04 Apr 2011 14:03:54 GMT] [info] [<0.22625.0>] 127.0.0.1 - - 'GET' /_users/ 200

[Mon, 04 Apr 2011 14:03:56 GMT] [info] [<0.22625.0>] 127.0.0.1 - - 'GET' /reg_node/_all_docs?startkey=%22_design%2F%22&endkey=%22_design0%22&include_docs=true 200

[Mon, 04 Apr 2011 14:03:56 GMT] [info] [<0.22626.0>] 127.0.0.1 - - 'GET' /_config/query_servers/ 200

[Mon, 04 Apr 2011 14:03:56 GMT] [info] [<0.22625.0>] 127.0.0.1 - - 'GET' /reg_node/_all_docs?limit=11 200

[Mon, 04 Apr 2011 14:03:56 GMT] [info] [<0.22625.0>] 127.0.0.1 - - 'GET' /_session 200

[Mon, 04 Apr 2011 14:03:56 GMT] [info] [<0.22626.0>] 127.0.0.1 - - 'GET' / 200

[Mon, 04 Apr 2011 14:03:56 GMT] [info] [<0.22624.0>] 127.0.0.1 - - 'GET' /_config/native_query_servers/ 200

[Mon, 04 Apr 2011 14:04:07 GMT] [info] [<0.22624.0>] 127.0.0.1 - - 'GET' /_all_dbs 200

[Mon, 04 Apr 2011 14:04:07 GMT] [info] [<0.22624.0>] 127.0.0.1 - - 'GET' /_session 200

[Mon, 04 Apr 2011 14:04:07 GMT] [info] [<0.22626.0>] 127.0.0.1 - - 'GET' / 200

[Mon, 04 Apr 2011 14:04:07 GMT] [info] [<0.22626.0>] 127.0.0.1 - - 'GET' /_users/ 200

[Mon, 04 Apr 2011 14:04:07 GMT] [info] [<0.22624.0>] 127.0.0.1 - - 'GET' /reg_node/ 200

[Mon, 04 Apr 2011 14:04:37 GMT] [info] [<0.22624.0>] 127.0.0.1 - - 'GET' /reg_node/nuhem?revs_info=true 200

[Mon, 04 Apr 2011 14:04:37 GMT] [info] [<0.22627.0>] 127.0.0.1 - - 'GET' /_session 200

[Mon, 04 Apr 2011 14:04:37 GMT] [info] [<0.22626.0>] 127.0.0.1 - - 'GET' / 200

[Mon, 04 Apr 2011 14:04:39 GMT] [info] [<0.22626.0>] 127.0.0.1 - - 'PUT' /reg_node/nuhem 201

[Mon, 04 Apr 2011 14:04:39 GMT] [info] [<0.22671.0>] 127.0.0.1 - - 'GET' /reg_node/nuhem?open_revs=["2-7051cbe5c8faecd085a3fa619e6e6337"]&revs=true&latest=true&att_encoding_info=true 200

[Mon, 04 Apr 2011 14:04:39 GMT] [info] [<0.22674.0>] 127.0.0.1 - - 'POST' /reg_node/_missing_revs 200

[Mon, 04 Apr 2011 14:04:39 GMT] [info] [<0.22626.0>] 127.0.0.1 - - 'GET' /reg_node/nuhem?revs_info=true 200

[Mon, 04 Apr 2011 14:04:39 GMT] [info] [<0.22626.0>] 127.0.0.1 - - 'GET' /_session 200

[Mon, 04 Apr 2011 14:04:39 GMT] [info] [<0.22627.0>] 127.0.0.1 - - 'GET' / 200

[Mon, 04 Apr 2011 14:04:44 GMT] [info] [<0.22675.0>] 127.0.0.1 - - 'POST' /reg_node/_ensure_full_commit?seq=32 201

[Mon, 04 Apr 2011 14:04:44 GMT] [info] [<0.22681.0>] 127.0.0.1 - - 'PUT' /reg_node/_local%2Fb96b387b7e7bafe00d38fa2f7abe519b 201

[Mon, 04 Apr 2011 14:04:44 GMT] [info] [<0.22682.0>] 127.0.0.1 - - 'POST' /reg_node/_ensure_full_commit 201

[Mon, 04 Apr 2011 14:04:44 GMT] [info] [<0.22683.0>] 127.0.0.1 - - 'PUT' /reg_node/_local%2Fce1251b08b14fcc198e46f0238b535e3 201

[Mon, 04 Apr 2011 14:10:45 GMT] [info] [<0.23036.0>] 127.0.0.1 - - 'PUT' /reg_node/nuhem 201

[Mon, 04 Apr 2011 14:10:45 GMT] [info] [<0.23037.0>] 127.0.0.1 - - 'GET' /reg_node/nuhem?open_revs=["3-da0ceb5b0d984febcbe424301bd862ea"]&revs=true&latest=true&att_encoding_info=true 200

[Mon, 04 Apr 2011 14:10:45 GMT] [info] [<0.23054.0>] 127.0.0.1 - - 'POST' /reg_node/_missing_revs 200

[Mon, 04 Apr 2011 14:10:45 GMT] [info] [<0.23036.0>] 127.0.0.1 - - 'GET' /reg_node/nuhem?revs_info=true 200

[Mon, 04 Apr 2011 14:10:45 GMT] [info] [<0.22684.0>] 127.0.0.1 - - 'GET' / 200

[Mon, 04 Apr 2011 14:10:45 GMT] [info] [<0.23036.0>] 127.0.0.1 - - 'GET' /_session 200

[Mon, 04 Apr 2011 14:10:50 GMT] [info] [<0.23036.0>] 127.0.0.1 - - 'PUT' /reg_node/nuhem 201

[Mon, 04 Apr 2011 14:10:50 GMT] [info] [<0.23055.0>] 127.0.0.1 - - 'GET' /reg_node/nuhem?open_revs=["4-cc1a91c6638701c5e48b158088e11747"]&revs=true&latest=true&att_encoding_info=true 200

[Mon, 04 Apr 2011 14:10:50 GMT] [info] [<0.23061.0>] 127.0.0.1 - - 'POST' /reg_node/_missing_revs 200

[Mon, 04 Apr 2011 14:10:50 GMT] [info] [<0.23036.0>] 127.0.0.1 - - 'GET' /reg_node/nuhem?revs_info=true 200

[Mon, 04 Apr 2011 14:10:50 GMT] [info] [<0.23036.0>] 127.0.0.1 - - 'GET' /_session 200

[Mon, 04 Apr 2011 14:10:50 GMT] [info] [<0.22684.0>] 127.0.0.1 - - 'GET' / 200

[Mon, 04 Apr 2011 14:10:50 GMT] [info] [<0.23062.0>] 127.0.0.1 - - 'POST' /reg_node/_ensure_full_commit?seq=34 201

[Mon, 04 Apr 2011 14:10:50 GMT] [info] [<0.23063.0>] 127.0.0.1 - - 'POST' /reg_node/_ensure_full_commit 201

[Mon, 04 Apr 2011 14:10:50 GMT] [info] [<0.23064.0>] 127.0.0.1 - - 'PUT' /reg_node/_local%2Fb96b387b7e7bafe00d38fa2f7abe519b 201

[Mon, 04 Apr 2011 14:10:50 GMT] [info] [<0.23065.0>] 127.0.0.1 - - 'PUT' /reg_node/_local%2Fce1251b08b14fcc198e46f0238b535e3 201

[Mon, 04 Apr 2011 14:11:14 GMT] [info] [<0.22684.0>] 127.0.0.1 - - 'PUT' /reg_node/nuhem 201

[Mon, 04 Apr 2011 14:11:14 GMT] [info] [<0.23066.0>] 127.0.0.1 - - 'GET' /reg_node/nuhem?open_revs=["5-489a7046ee9431ecf9881b79e4ef9c43"]&revs=true&latest=true&att_encoding_info=true 200

[Mon, 04 Apr 2011 14:11:14 GMT] [info] [<0.23092.0>] 127.0.0.1 - - 'POST' /reg_node/_missing_revs 200

[Mon, 04 Apr 2011 14:11:14 GMT] [info] [<0.22684.0>] 127.0.0.1 - - 'GET' /reg_node/nuhem?revs_info=true 200

[Mon, 04 Apr 2011 14:11:14 GMT] [info] [<0.22684.0>] 127.0.0.1 - - 'GET' /_session 200

[Mon, 04 Apr 2011 14:11:14 GMT] [info] [<0.23036.0>] 127.0.0.1 - - 'GET' / 200

[Mon, 04 Apr 2011 14:11:19 GMT] [info] [<0.23093.0>] 127.0.0.1 - - 'POST' /reg_node/_ensure_full_commit?seq=35 201

[Mon, 04 Apr 2011 14:11:19 GMT] [info] [<0.23099.0>] 127.0.0.1 - - 'PUT' /reg_node/_local%2Fb96b387b7e7bafe00d38fa2f7abe519b 201

[Mon, 04 Apr 2011 14:11:19 GMT] [info] [<0.23100.0>] 127.0.0.1 - - 'POST' /reg_node/_ensure_full_commit 201

[Mon, 04 Apr 2011 14:11:19 GMT] [info] [<0.23101.0>] 127.0.0.1 - - 'PUT' /reg_node/_local%2Fce1251b08b14fcc198e46f0238b535e3 201

[Mon, 04 Apr 2011 14:11:56 GMT] [info] [<0.23102.0>] 127.0.0.1 - - 'PUT' /reg_node/nuhem 201

[Mon, 04 Apr 2011 14:11:56 GMT] [info] [<0.23142.0>] 127.0.0.1 - - 'GET' /reg_node/nuhem?open_revs=["6-c4e83921c1b610bdaac0bcbedaeb47c0"]&revs=true&latest=true&att_encoding_info=true 200

[Mon, 04 Apr 2011 14:11:56 GMT] [info] [<0.23143.0>] 127.0.0.1 - - 'POST' /reg_node/_missing_revs 200

[Mon, 04 Apr 2011 14:11:57 GMT] [info] [<0.23102.0>] 127.0.0.1 - - 'GET' /reg_node/nuhem?revs_info=true 200

[Mon, 04 Apr 2011 14:11:57 GMT] [info] [<0.23102.0>] 127.0.0.1 - - 'GET' /_session 200

[Mon, 04 Apr 2011 14:11:57 GMT] [info] [<0.23144.0>] 127.0.0.1 - - 'GET' / 200

[Mon, 04 Apr 2011 14:12:01 GMT] [info] [<0.23145.0>] 127.0.0.1 - - 'POST' /reg_node/_ensure_full_commit?seq=36 201

[Mon, 04 Apr 2011 14:12:01 GMT] [info] [<0.23151.0>] 127.0.0.1 - - 'PUT' /reg_node/_local%2Fb96b387b7e7bafe00d38fa2f7abe519b 201

[Mon, 04 Apr 2011 14:12:02 GMT] [info] [<0.23152.0>] 127.0.0.1 - - 'POST' /reg_node/_ensure_full_commit 201

[Mon, 04 Apr 2011 14:12:02 GMT] [info] [<0.23153.0>] 127.0.0.1 - - 'PUT' /reg_node/_local%2Fce1251b08b14fcc198e46f0238b535e3 201

[Mon, 04 Apr 2011 14:17:58 GMT] [info] [<0.23154.0>] 127.0.0.1 - - 'GET' /reg_node/_all_docs?startkey=%22_design%2F%22&endkey=%22_design0%22&include_docs=true 200

[Mon, 04 Apr 2011 14:17:58 GMT] [info] [<0.23517.0>] 127.0.0.1 - - 'GET' /_config/query_servers/ 200

[Mon, 04 Apr 2011 14:17:58 GMT] [info] [<0.23154.0>] 127.0.0.1 - - 'GET' /reg_node/_all_docs?limit=11 200

[Mon, 04 Apr 2011 14:17:58 GMT] [info] [<0.23154.0>] 127.0.0.1 - - 'GET' /_session 200

[Mon, 04 Apr 2011 14:17:58 GMT] [info] [<0.23517.0>] 127.0.0.1 - - 'GET' / 200

[Mon, 04 Apr 2011 14:17:58 GMT] [info] [<0.23518.0>] 127.0.0.1 - - 'GET' /_config/native_query_servers/ 200

[Mon, 04 Apr 2011 14:18:01 GMT] [info] [<0.23518.0>] 127.0.0.1 - - 'GET' /reg_node/second_doc_created_at_global_node1?revs_info=true 200

[Mon, 04 Apr 2011 14:18:01 GMT] [info] [<0.23518.0>] 127.0.0.1 - - 'GET' /_session 200

[Mon, 04 Apr 2011 14:18:01 GMT] [info] [<0.23517.0>] 127.0.0.1 - - 'GET' / 200

[Mon, 04 Apr 2011 14:18:16 GMT] [info] [<0.23517.0>] 127.0.0.1 - - 'PUT' /reg_node/second_doc_created_at_global_node1 201

[Mon, 04 Apr 2011 14:18:16 GMT] [info] [<0.23519.0>] 127.0.0.1 - - 'GET' /reg_node/second_doc_created_at_global_node1?open_revs=["3-2c80a247c8cd46bad3273f9043ab2568"]&revs=true&latest=true&att_encoding_info=true 200

[Mon, 04 Apr 2011 14:18:16 GMT] [info] [<0.23538.0>] 127.0.0.1 - - 'POST' /reg_node/_missing_revs 200

[Mon, 04 Apr 2011 14:18:16 GMT] [info] [<0.23517.0>] 127.0.0.1 - - 'GET' /reg_node/second_doc_created_at_global_node1?revs_info=true 200

[Mon, 04 Apr 2011 14:18:16 GMT] [info] [<0.23517.0>] 127.0.0.1 - - 'GET' /_session 200

[Mon, 04 Apr 2011 14:18:16 GMT] [info] [<0.23518.0>] 127.0.0.1 - - 'GET' / 200

[Mon, 04 Apr 2011 14:18:21 GMT] [info] [<0.23539.0>] 127.0.0.1 - - 'POST' /reg_node/_ensure_full_commit?seq=37 201

[Mon, 04 Apr 2011 14:18:21 GMT] [info] [<0.23545.0>] 127.0.0.1 - - 'PUT' /reg_node/_local%2Fb96b387b7e7bafe00d38fa2f7abe519b 201

[Mon, 04 Apr 2011 14:18:21 GMT] [info] [<0.23546.0>] 127.0.0.1 - - 'POST' /reg_node/_ensure_full_commit 201

[Mon, 04 Apr 2011 14:18:21 GMT] [info] [<0.23547.0>] 127.0.0.1 - - 'PUT' /reg_node/_local%2Fce1251b08b14fcc198e46f0238b535e3 201

[Mon, 04 Apr 2011 14:18:28 GMT] [info] [<0.23548.0>] 127.0.0.1 - - 'GET' /_config/query_servers/ 200

[Mon, 04 Apr 2011 14:18:28 GMT] [info] [<0.23518.0>] 127.0.0.1 - - 'GET' /reg_node/_all_docs?startkey=%22_design%2F%22&endkey=%22_design0%22&include_docs=true 200

[Mon, 04 Apr 2011 14:18:28 GMT] [info] [<0.23517.0>] 127.0.0.1 - - 'GET' /reg_node/_all_docs?limit=11 200

[Mon, 04 Apr 2011 14:18:28 GMT] [info] [<0.23518.0>] 127.0.0.1 - - 'GET' / 200

[Mon, 04 Apr 2011 14:18:28 GMT] [info] [<0.23517.0>] 127.0.0.1 - - 'GET' /_session 200

[Mon, 04 Apr 2011 14:18:28 GMT] [info] [<0.23518.0>] 127.0.0.1 - - 'GET' /_config/native_query_servers/ 200

[Mon, 04 Apr 2011 14:18:48 GMT] [info] [<0.23556.0>] 127.0.0.1 - - 'POST' /reg_node/_missing_revs 200

[Mon, 04 Apr 2011 14:18:49 GMT] [info] [<0.23578.0>] 127.0.0.1 - - 'POST' /reg_node/_bulk_docs 201

[Mon, 04 Apr 2011 14:18:49 GMT] [info] [<0.23579.0>] 127.0.0.1 - - 'GET' /reg_node/ruuuuuby?open_revs=["2-c1b1fa515dff45e50e08c515256238aa"]&revs=true&latest=true&att_encoding_info=true 200

[Mon, 04 Apr 2011 14:18:54 GMT] [info] [<0.23580.0>] 127.0.0.1 - - 'POST' /reg_node/_ensure_full_commit 201

[Mon, 04 Apr 2011 14:18:54 GMT] [info] [<0.23587.0>] 127.0.0.1 - - 'PUT' /reg_node/_local%2Fce1251b08b14fcc198e46f0238b535e3 201

[Mon, 04 Apr 2011 14:18:54 GMT] [info] [<0.23588.0>] 127.0.0.1 - - 'POST' /reg_node/_ensure_full_commit?seq=38 201

[Mon, 04 Apr 2011 14:18:54 GMT] [info] [<0.23589.0>] 127.0.0.1 - - 'PUT' /reg_node/_local%2Fb96b387b7e7bafe00d38fa2f7abe519b 201

[Mon, 04 Apr 2011 14:32:58 GMT] [info] [<0.23590.0>] 127.0.0.1 - - 'POST' /reg_node/_missing_revs 200

[Mon, 04 Apr 2011 14:32:58 GMT] [info] [<0.24449.0>] 127.0.0.1 - - 'POST' /reg_node/_bulk_docs 201

[Mon, 04 Apr 2011 14:32:58 GMT] [info] [<0.24450.0>] 127.0.0.1 - - 'GET' /reg_node/best%20day?open_revs=["1-985b31490779e4061a45194eb111446a"]&revs=true&latest=true&att_encoding_info=true 200

[Mon, 04 Apr 2011 14:33:03 GMT] [info] [<0.24451.0>] 127.0.0.1 - - 'POST' /reg_node/_ensure_full_commit 201

[Mon, 04 Apr 2011 14:33:03 GMT] [info] [<0.24457.0>] 127.0.0.1 - - 'PUT' /reg_node/_local%2Fce1251b08b14fcc198e46f0238b535e3 201

[Mon, 04 Apr 2011 14:33:03 GMT] [info] [<0.24458.0>] 127.0.0.1 - - 'POST' /reg_node/_ensure_full_commit?seq=39 201

[Mon, 04 Apr 2011 14:33:03 GMT] [info] [<0.24459.0>] 127.0.0.1 - - 'PUT' /reg_node/_local%2Fb96b387b7e7bafe00d38fa2f7abe519b 201

